[2025-01-27 15:06:50,861] [INFO] [main]: [main.py:30]: Solicitud: GET http://127.0.0.1:8000/docs
[2025-01-27 15:06:50,862] [INFO] [main]: [main.py:32]: Respuesta: 200
[2025-01-27 15:06:50,981] [INFO] [main]: [main.py:30]: Solicitud: GET http://127.0.0.1:8000/openapi.json
[2025-01-27 15:06:50,990] [INFO] [main]: [main.py:32]: Respuesta: 200
[2025-01-27 15:07:15,401] [INFO] [main]: [main.py:30]: Solicitud: POST http://127.0.0.1:8000/login
[2025-01-27 15:07:15,403] [INFO] [main]: [main.py:32]: Respuesta: 401
[2025-01-27 15:07:23,535] [INFO] [main]: [main.py:30]: Solicitud: POST http://127.0.0.1:8000/login
[2025-01-27 15:07:23,536] [INFO] [main]: [main.py:32]: Respuesta: 200
[2025-01-27 15:07:38,614] [INFO] [main]: [main.py:30]: Solicitud: GET http://127.0.0.1:8000/products/
[2025-01-27 15:07:38,660] [INFO] [main]: [main.py:32]: Respuesta: 200
[2025-01-27 16:07:12,350] [INFO] [main]: [main.py:30]: Solicitud: POST http://testserver/login
[2025-01-27 16:07:12,352] [INFO] [main]: [main.py:32]: Respuesta: 200
[2025-01-27 16:07:12,353] [INFO] [httpx]: [_client.py:1025]: HTTP Request: POST http://testserver/login "HTTP/1.1 200 OK"
[2025-01-27 16:07:12,354] [INFO] [main]: [main.py:30]: Solicitud: GET http://testserver/products
[2025-01-27 16:07:12,354] [INFO] [main]: [main.py:32]: Respuesta: 307
[2025-01-27 16:07:12,355] [INFO] [httpx]: [_client.py:1025]: HTTP Request: GET http://testserver/products "HTTP/1.1 307 Temporary Redirect"
[2025-01-27 16:07:12,356] [INFO] [main]: [main.py:30]: Solicitud: GET http://testserver/products/
[2025-01-27 16:07:12,399] [INFO] [main]: [main.py:32]: Respuesta: 200
[2025-01-27 16:07:12,400] [INFO] [httpx]: [_client.py:1025]: HTTP Request: GET http://testserver/products/ "HTTP/1.1 200 OK"
[2025-01-27 16:07:30,871] [INFO] [main]: [main.py:30]: Solicitud: POST http://testserver/login
[2025-01-27 16:07:30,873] [INFO] [main]: [main.py:32]: Respuesta: 200
[2025-01-27 16:07:30,874] [INFO] [httpx]: [_client.py:1025]: HTTP Request: POST http://testserver/login "HTTP/1.1 200 OK"
[2025-01-27 16:07:30,876] [INFO] [main]: [main.py:30]: Solicitud: GET http://testserver/products
[2025-01-27 16:07:30,876] [INFO] [main]: [main.py:32]: Respuesta: 307
[2025-01-27 16:07:30,877] [INFO] [httpx]: [_client.py:1025]: HTTP Request: GET http://testserver/products "HTTP/1.1 307 Temporary Redirect"
[2025-01-27 16:07:30,879] [INFO] [main]: [main.py:30]: Solicitud: GET http://testserver/products/
[2025-01-27 16:07:30,926] [INFO] [main]: [main.py:32]: Respuesta: 200
[2025-01-27 16:07:30,934] [INFO] [httpx]: [_client.py:1025]: HTTP Request: GET http://testserver/products/ "HTTP/1.1 200 OK"
[2025-01-27 16:22:07,596] [INFO] [main]: [main.py:30]: Solicitud: POST http://testserver/login
[2025-01-27 16:22:07,598] [INFO] [main]: [main.py:32]: Respuesta: 200
[2025-01-27 16:22:07,600] [INFO] [httpx]: [_client.py:1025]: HTTP Request: POST http://testserver/login "HTTP/1.1 200 OK"
[2025-01-27 16:22:07,601] [INFO] [main]: [main.py:30]: Solicitud: GET http://testserver/products
[2025-01-27 16:22:07,601] [INFO] [main]: [main.py:32]: Respuesta: 307
[2025-01-27 16:22:07,602] [INFO] [httpx]: [_client.py:1025]: HTTP Request: GET http://testserver/products "HTTP/1.1 307 Temporary Redirect"
[2025-01-27 16:22:07,604] [INFO] [main]: [main.py:30]: Solicitud: GET http://testserver/products/
[2025-01-27 16:22:07,612] [INFO] [main]: [main.py:32]: Respuesta: 200
[2025-01-27 16:22:07,613] [INFO] [httpx]: [_client.py:1025]: HTTP Request: GET http://testserver/products/ "HTTP/1.1 200 OK"
[2025-01-27 16:22:07,676] [INFO] [main]: [main.py:30]: Solicitud: POST http://testserver/products/
[2025-01-27 16:22:07,677] [INFO] [main]: [main.py:32]: Respuesta: 403
[2025-01-27 16:22:07,678] [INFO] [httpx]: [_client.py:1025]: HTTP Request: POST http://testserver/products/ "HTTP/1.1 403 Forbidden"
[2025-01-27 16:22:07,931] [INFO] [main]: [main.py:30]: Solicitud: POST http://testserver/products/
[2025-01-27 16:22:07,931] [INFO] [main]: [main.py:32]: Respuesta: 403
[2025-01-27 16:22:07,932] [INFO] [httpx]: [_client.py:1025]: HTTP Request: POST http://testserver/products/ "HTTP/1.1 403 Forbidden"
[2025-01-27 16:22:07,933] [INFO] [main]: [main.py:30]: Solicitud: GET http://testserver/products/
[2025-01-27 16:22:07,934] [INFO] [main]: [main.py:32]: Respuesta: 403
[2025-01-27 16:22:07,935] [INFO] [httpx]: [_client.py:1025]: HTTP Request: GET http://testserver/products/ "HTTP/1.1 403 Forbidden"
[2025-01-27 16:22:07,998] [INFO] [main]: [main.py:30]: Solicitud: POST http://testserver/products/
[2025-01-27 16:22:07,999] [INFO] [main]: [main.py:32]: Respuesta: 403
[2025-01-27 16:22:08,000] [INFO] [httpx]: [_client.py:1025]: HTTP Request: POST http://testserver/products/ "HTTP/1.1 403 Forbidden"
[2025-01-27 16:22:08,062] [INFO] [main]: [main.py:30]: Solicitud: POST http://testserver/products/
[2025-01-27 16:22:08,063] [INFO] [main]: [main.py:32]: Respuesta: 403
[2025-01-27 16:22:08,063] [INFO] [httpx]: [_client.py:1025]: HTTP Request: POST http://testserver/products/ "HTTP/1.1 403 Forbidden"
[2025-01-27 16:22:08,126] [INFO] [main]: [main.py:30]: Solicitud: POST http://testserver/products/
[2025-01-27 16:22:08,127] [INFO] [main]: [main.py:32]: Respuesta: 403
[2025-01-27 16:22:08,128] [INFO] [httpx]: [_client.py:1025]: HTTP Request: POST http://testserver/products/ "HTTP/1.1 403 Forbidden"
[2025-01-27 16:26:13,720] [INFO] [main]: [main.py:30]: Solicitud: GET http://127.0.0.1:8000/docs
[2025-01-27 16:26:13,721] [INFO] [main]: [main.py:32]: Respuesta: 200
[2025-01-27 16:26:13,854] [INFO] [main]: [main.py:30]: Solicitud: GET http://127.0.0.1:8000/openapi.json
[2025-01-27 16:26:13,866] [INFO] [main]: [main.py:32]: Respuesta: 200
[2025-01-27 16:26:27,573] [INFO] [main]: [main.py:30]: Solicitud: POST http://127.0.0.1:8000/login
[2025-01-27 16:26:27,575] [INFO] [main]: [main.py:32]: Respuesta: 200
[2025-01-27 16:26:52,072] [INFO] [main]: [main.py:30]: Solicitud: GET http://127.0.0.1:8000/products/
[2025-01-27 16:26:52,222] [INFO] [main]: [main.py:32]: Respuesta: 200
[2025-01-27 16:27:12,304] [INFO] [main]: [main.py:30]: Solicitud: PUT http://127.0.0.1:8000/products/6
[2025-01-27 16:27:12,321] [INFO] [main]: [main.py:32]: Respuesta: 200
[2025-01-27 16:27:16,280] [INFO] [main]: [main.py:30]: Solicitud: GET http://127.0.0.1:8000/products/
[2025-01-27 16:27:16,283] [INFO] [main]: [main.py:32]: Respuesta: 200
[2025-01-27 16:27:40,554] [INFO] [main]: [main.py:30]: Solicitud: POST http://testserver/login
[2025-01-27 16:27:40,556] [INFO] [main]: [main.py:32]: Respuesta: 200
[2025-01-27 16:27:40,557] [INFO] [httpx]: [_client.py:1025]: HTTP Request: POST http://testserver/login "HTTP/1.1 200 OK"
[2025-01-27 16:27:40,558] [INFO] [main]: [main.py:30]: Solicitud: GET http://testserver/products
[2025-01-27 16:27:40,558] [INFO] [main]: [main.py:32]: Respuesta: 307
[2025-01-27 16:27:40,559] [INFO] [httpx]: [_client.py:1025]: HTTP Request: GET http://testserver/products "HTTP/1.1 307 Temporary Redirect"
[2025-01-27 16:27:40,560] [INFO] [main]: [main.py:30]: Solicitud: GET http://testserver/products/
[2025-01-27 16:27:40,571] [INFO] [main]: [main.py:32]: Respuesta: 200
[2025-01-27 16:27:40,572] [INFO] [httpx]: [_client.py:1025]: HTTP Request: GET http://testserver/products/ "HTTP/1.1 200 OK"
[2025-01-27 16:27:40,635] [INFO] [main]: [main.py:30]: Solicitud: POST http://testserver/products/
[2025-01-27 16:27:40,636] [INFO] [main]: [main.py:32]: Respuesta: 403
[2025-01-27 16:27:40,637] [INFO] [httpx]: [_client.py:1025]: HTTP Request: POST http://testserver/products/ "HTTP/1.1 403 Forbidden"
[2025-01-27 16:27:40,889] [INFO] [main]: [main.py:30]: Solicitud: POST http://testserver/products/
[2025-01-27 16:27:40,889] [INFO] [main]: [main.py:32]: Respuesta: 403
[2025-01-27 16:27:40,890] [INFO] [httpx]: [_client.py:1025]: HTTP Request: POST http://testserver/products/ "HTTP/1.1 403 Forbidden"
[2025-01-27 16:27:40,891] [INFO] [main]: [main.py:30]: Solicitud: GET http://testserver/products/
[2025-01-27 16:27:40,892] [INFO] [main]: [main.py:32]: Respuesta: 403
[2025-01-27 16:27:40,892] [INFO] [httpx]: [_client.py:1025]: HTTP Request: GET http://testserver/products/ "HTTP/1.1 403 Forbidden"
[2025-01-27 16:27:40,956] [INFO] [main]: [main.py:30]: Solicitud: POST http://testserver/products/
[2025-01-27 16:27:40,957] [INFO] [main]: [main.py:32]: Respuesta: 403
[2025-01-27 16:27:40,957] [INFO] [httpx]: [_client.py:1025]: HTTP Request: POST http://testserver/products/ "HTTP/1.1 403 Forbidden"
[2025-01-27 16:27:41,020] [INFO] [main]: [main.py:30]: Solicitud: POST http://testserver/products/
[2025-01-27 16:27:41,021] [INFO] [main]: [main.py:32]: Respuesta: 403
[2025-01-27 16:27:41,022] [INFO] [httpx]: [_client.py:1025]: HTTP Request: POST http://testserver/products/ "HTTP/1.1 403 Forbidden"
[2025-01-27 16:27:41,084] [INFO] [main]: [main.py:30]: Solicitud: POST http://testserver/products/
[2025-01-27 16:27:41,085] [INFO] [main]: [main.py:32]: Respuesta: 403
[2025-01-27 16:27:41,086] [INFO] [httpx]: [_client.py:1025]: HTTP Request: POST http://testserver/products/ "HTTP/1.1 403 Forbidden"
[2025-01-27 16:41:27,763] [INFO] [main]: [main.py:30]: Solicitud: POST http://testserver/login
[2025-01-27 16:41:27,766] [INFO] [main]: [main.py:32]: Respuesta: 200
[2025-01-27 16:41:27,767] [INFO] [httpx]: [_client.py:1025]: HTTP Request: POST http://testserver/login "HTTP/1.1 200 OK"
[2025-01-27 16:41:27,768] [INFO] [main]: [main.py:30]: Solicitud: GET http://testserver/products
[2025-01-27 16:41:27,769] [INFO] [main]: [main.py:32]: Respuesta: 307
[2025-01-27 16:41:27,769] [INFO] [httpx]: [_client.py:1025]: HTTP Request: GET http://testserver/products "HTTP/1.1 307 Temporary Redirect"
[2025-01-27 16:41:27,770] [INFO] [main]: [main.py:30]: Solicitud: GET http://testserver/products/
[2025-01-27 16:41:27,782] [INFO] [main]: [main.py:32]: Respuesta: 200
[2025-01-27 16:41:27,783] [INFO] [httpx]: [_client.py:1025]: HTTP Request: GET http://testserver/products/ "HTTP/1.1 200 OK"
[2025-01-27 16:41:27,821] [INFO] [main]: [main.py:30]: Solicitud: POST http://testserver/products/
[2025-01-27 16:41:27,822] [INFO] [main]: [main.py:32]: Respuesta: 403
[2025-01-27 16:41:27,823] [INFO] [httpx]: [_client.py:1025]: HTTP Request: POST http://testserver/products/ "HTTP/1.1 403 Forbidden"
[2025-01-27 16:41:28,051] [INFO] [main]: [main.py:30]: Solicitud: POST http://testserver/products/
[2025-01-27 16:41:28,052] [INFO] [main]: [main.py:32]: Respuesta: 403
[2025-01-27 16:41:28,053] [INFO] [httpx]: [_client.py:1025]: HTTP Request: POST http://testserver/products/ "HTTP/1.1 403 Forbidden"
[2025-01-27 16:41:28,054] [INFO] [main]: [main.py:30]: Solicitud: GET http://testserver/products/
[2025-01-27 16:41:28,054] [INFO] [main]: [main.py:32]: Respuesta: 403
[2025-01-27 16:41:28,055] [INFO] [httpx]: [_client.py:1025]: HTTP Request: GET http://testserver/products/ "HTTP/1.1 403 Forbidden"
[2025-01-27 16:41:28,096] [INFO] [main]: [main.py:30]: Solicitud: POST http://testserver/products/
[2025-01-27 16:41:28,097] [INFO] [main]: [main.py:32]: Respuesta: 403
[2025-01-27 16:41:28,097] [INFO] [httpx]: [_client.py:1025]: HTTP Request: POST http://testserver/products/ "HTTP/1.1 403 Forbidden"
[2025-01-27 16:41:28,135] [INFO] [main]: [main.py:30]: Solicitud: POST http://testserver/products/
[2025-01-27 16:41:28,136] [INFO] [main]: [main.py:32]: Respuesta: 403
[2025-01-27 16:41:28,137] [INFO] [httpx]: [_client.py:1025]: HTTP Request: POST http://testserver/products/ "HTTP/1.1 403 Forbidden"
[2025-01-27 16:41:28,176] [INFO] [main]: [main.py:30]: Solicitud: POST http://testserver/products/
[2025-01-27 16:41:28,176] [INFO] [main]: [main.py:32]: Respuesta: 403
[2025-01-27 16:41:28,177] [INFO] [httpx]: [_client.py:1025]: HTTP Request: POST http://testserver/products/ "HTTP/1.1 403 Forbidden"
[2025-01-27 16:45:22,625] [INFO] [main]: [main.py:30]: Solicitud: GET http://127.0.0.1:8000/docs
[2025-01-27 16:45:22,626] [INFO] [main]: [main.py:32]: Respuesta: 200
[2025-01-27 16:45:23,857] [INFO] [main]: [main.py:30]: Solicitud: GET http://127.0.0.1:8000/docs
[2025-01-27 16:45:23,858] [INFO] [main]: [main.py:32]: Respuesta: 200
[2025-01-27 16:45:24,283] [INFO] [main]: [main.py:30]: Solicitud: GET http://127.0.0.1:8000/openapi.json
[2025-01-27 16:45:24,296] [INFO] [main]: [main.py:32]: Respuesta: 200
[2025-01-27 16:45:38,834] [INFO] [main]: [main.py:30]: Solicitud: POST http://127.0.0.1:8000/login
[2025-01-27 16:45:38,837] [INFO] [main]: [main.py:32]: Respuesta: 200
[2025-01-27 16:46:35,008] [INFO] [main]: [main.py:30]: Solicitud: POST http://testserver/login
[2025-01-27 16:46:35,010] [INFO] [main]: [main.py:32]: Respuesta: 200
[2025-01-27 16:46:35,011] [INFO] [httpx]: [_client.py:1025]: HTTP Request: POST http://testserver/login "HTTP/1.1 200 OK"
[2025-01-27 16:46:35,013] [INFO] [main]: [main.py:30]: Solicitud: GET http://testserver/products
[2025-01-27 16:46:35,013] [INFO] [main]: [main.py:32]: Respuesta: 307
[2025-01-27 16:46:35,014] [INFO] [httpx]: [_client.py:1025]: HTTP Request: GET http://testserver/products "HTTP/1.1 307 Temporary Redirect"
[2025-01-27 16:46:35,015] [INFO] [main]: [main.py:30]: Solicitud: GET http://testserver/products/
[2025-01-27 16:46:35,025] [INFO] [main]: [main.py:32]: Respuesta: 200
[2025-01-27 16:46:35,026] [INFO] [httpx]: [_client.py:1025]: HTTP Request: GET http://testserver/products/ "HTTP/1.1 200 OK"
[2025-01-27 16:46:35,089] [INFO] [main]: [main.py:30]: Solicitud: POST http://testserver/products/
[2025-01-27 16:46:35,090] [INFO] [main]: [main.py:32]: Respuesta: 403
[2025-01-27 16:46:35,091] [INFO] [httpx]: [_client.py:1025]: HTTP Request: POST http://testserver/products/ "HTTP/1.1 403 Forbidden"
[2025-01-27 16:46:35,387] [INFO] [main]: [main.py:30]: Solicitud: POST http://testserver/products/
[2025-01-27 16:46:35,388] [INFO] [main]: [main.py:32]: Respuesta: 403
[2025-01-27 16:46:35,388] [INFO] [httpx]: [_client.py:1025]: HTTP Request: POST http://testserver/products/ "HTTP/1.1 403 Forbidden"
[2025-01-27 16:46:35,389] [INFO] [main]: [main.py:30]: Solicitud: GET http://testserver/products/
[2025-01-27 16:46:35,390] [INFO] [main]: [main.py:32]: Respuesta: 403
[2025-01-27 16:46:35,390] [INFO] [httpx]: [_client.py:1025]: HTTP Request: GET http://testserver/products/ "HTTP/1.1 403 Forbidden"
[2025-01-27 16:46:35,453] [INFO] [main]: [main.py:30]: Solicitud: POST http://testserver/products/
[2025-01-27 16:46:35,454] [INFO] [main]: [main.py:32]: Respuesta: 403
[2025-01-27 16:46:35,454] [INFO] [httpx]: [_client.py:1025]: HTTP Request: POST http://testserver/products/ "HTTP/1.1 403 Forbidden"
[2025-01-27 16:46:35,515] [INFO] [main]: [main.py:30]: Solicitud: POST http://testserver/products/
[2025-01-27 16:46:35,516] [INFO] [main]: [main.py:32]: Respuesta: 403
[2025-01-27 16:46:35,517] [INFO] [httpx]: [_client.py:1025]: HTTP Request: POST http://testserver/products/ "HTTP/1.1 403 Forbidden"
[2025-01-27 16:46:35,579] [INFO] [main]: [main.py:30]: Solicitud: POST http://testserver/products/
[2025-01-27 16:46:35,580] [INFO] [main]: [main.py:32]: Respuesta: 403
[2025-01-27 16:46:35,580] [INFO] [httpx]: [_client.py:1025]: HTTP Request: POST http://testserver/products/ "HTTP/1.1 403 Forbidden"
[2025-01-27 16:50:06,370] [INFO] [main]: [main.py:30]: Solicitud: GET http://127.0.0.1:8000/products/
[2025-01-27 16:50:06,441] [INFO] [main]: [main.py:32]: Respuesta: 200
[2025-01-27 17:05:38,604] [INFO] [main]: [main.py:30]: Solicitud: POST http://testserver/login
[2025-01-27 17:05:38,606] [INFO] [main]: [main.py:32]: Respuesta: 200
[2025-01-27 17:05:38,607] [INFO] [httpx]: [_client.py:1025]: HTTP Request: POST http://testserver/login "HTTP/1.1 200 OK"
[2025-01-27 17:05:38,608] [INFO] [main]: [main.py:30]: Solicitud: GET http://testserver/products
[2025-01-27 17:05:38,609] [INFO] [main]: [main.py:32]: Respuesta: 307
[2025-01-27 17:05:38,610] [INFO] [httpx]: [_client.py:1025]: HTTP Request: GET http://testserver/products "HTTP/1.1 307 Temporary Redirect"
[2025-01-27 17:05:38,611] [INFO] [main]: [main.py:30]: Solicitud: GET http://testserver/products/
[2025-01-27 17:05:38,619] [INFO] [main]: [main.py:32]: Respuesta: 200
[2025-01-27 17:05:38,620] [INFO] [httpx]: [_client.py:1025]: HTTP Request: GET http://testserver/products/ "HTTP/1.1 200 OK"
[2025-01-27 17:05:38,682] [INFO] [main]: [main.py:30]: Solicitud: POST http://testserver/products/
[2025-01-27 17:05:38,683] [INFO] [main]: [main.py:32]: Respuesta: 401
[2025-01-27 17:05:38,684] [INFO] [httpx]: [_client.py:1025]: HTTP Request: POST http://testserver/products/ "HTTP/1.1 401 Unauthorized"
[2025-01-27 17:05:38,934] [INFO] [main]: [main.py:30]: Solicitud: POST http://testserver/products/
[2025-01-27 17:05:38,935] [INFO] [main]: [main.py:32]: Respuesta: 403
[2025-01-27 17:05:38,935] [INFO] [httpx]: [_client.py:1025]: HTTP Request: POST http://testserver/products/ "HTTP/1.1 403 Forbidden"
[2025-01-27 17:05:38,937] [INFO] [main]: [main.py:30]: Solicitud: GET http://testserver/products/
[2025-01-27 17:05:38,937] [INFO] [main]: [main.py:32]: Respuesta: 403
[2025-01-27 17:05:38,938] [INFO] [httpx]: [_client.py:1025]: HTTP Request: GET http://testserver/products/ "HTTP/1.1 403 Forbidden"
[2025-01-27 17:05:39,001] [INFO] [main]: [main.py:30]: Solicitud: POST http://testserver/products/
[2025-01-27 17:05:39,002] [INFO] [main]: [main.py:32]: Respuesta: 403
[2025-01-27 17:05:39,003] [INFO] [httpx]: [_client.py:1025]: HTTP Request: POST http://testserver/products/ "HTTP/1.1 403 Forbidden"
[2025-01-27 17:05:39,066] [INFO] [main]: [main.py:30]: Solicitud: POST http://testserver/products/
[2025-01-27 17:05:39,067] [INFO] [main]: [main.py:32]: Respuesta: 403
[2025-01-27 17:05:39,067] [INFO] [httpx]: [_client.py:1025]: HTTP Request: POST http://testserver/products/ "HTTP/1.1 403 Forbidden"
[2025-01-27 17:05:39,133] [INFO] [main]: [main.py:30]: Solicitud: POST http://testserver/products/
[2025-01-27 17:05:39,133] [INFO] [main]: [main.py:32]: Respuesta: 403
[2025-01-27 17:05:39,134] [INFO] [httpx]: [_client.py:1025]: HTTP Request: POST http://testserver/products/ "HTTP/1.1 403 Forbidden"
[2025-01-27 17:07:35,166] [INFO] [main]: [main.py:30]: Solicitud: POST http://testserver/login
[2025-01-27 17:07:35,168] [INFO] [main]: [main.py:32]: Respuesta: 200
[2025-01-27 17:07:35,169] [INFO] [httpx]: [_client.py:1025]: HTTP Request: POST http://testserver/login "HTTP/1.1 200 OK"
[2025-01-27 17:07:35,171] [INFO] [main]: [main.py:30]: Solicitud: GET http://testserver/products
[2025-01-27 17:07:35,171] [INFO] [main]: [main.py:32]: Respuesta: 307
[2025-01-27 17:07:35,172] [INFO] [httpx]: [_client.py:1025]: HTTP Request: GET http://testserver/products "HTTP/1.1 307 Temporary Redirect"
[2025-01-27 17:07:35,173] [INFO] [main]: [main.py:30]: Solicitud: GET http://testserver/products/
[2025-01-27 17:07:35,181] [INFO] [main]: [main.py:32]: Respuesta: 200
[2025-01-27 17:07:35,182] [INFO] [httpx]: [_client.py:1025]: HTTP Request: GET http://testserver/products/ "HTTP/1.1 200 OK"
[2025-01-27 17:07:35,267] [INFO] [main]: [main.py:30]: Solicitud: POST http://testserver/products/
[2025-01-27 17:07:35,269] [INFO] [main]: [main.py:32]: Respuesta: 401
[2025-01-27 17:07:35,270] [INFO] [httpx]: [_client.py:1025]: HTTP Request: POST http://testserver/products/ "HTTP/1.1 401 Unauthorized"
[2025-01-27 17:07:35,557] [INFO] [main]: [main.py:30]: Solicitud: POST http://testserver/products/
[2025-01-27 17:07:35,557] [INFO] [main]: [main.py:32]: Respuesta: 403
[2025-01-27 17:07:35,558] [INFO] [httpx]: [_client.py:1025]: HTTP Request: POST http://testserver/products/ "HTTP/1.1 403 Forbidden"
[2025-01-27 17:07:35,559] [INFO] [main]: [main.py:30]: Solicitud: GET http://testserver/products/
[2025-01-27 17:07:35,559] [INFO] [main]: [main.py:32]: Respuesta: 403
[2025-01-27 17:07:35,560] [INFO] [httpx]: [_client.py:1025]: HTTP Request: GET http://testserver/products/ "HTTP/1.1 403 Forbidden"
[2025-01-27 17:07:35,625] [INFO] [main]: [main.py:30]: Solicitud: POST http://testserver/products/
[2025-01-27 17:07:35,626] [INFO] [main]: [main.py:32]: Respuesta: 403
[2025-01-27 17:07:35,627] [INFO] [httpx]: [_client.py:1025]: HTTP Request: POST http://testserver/products/ "HTTP/1.1 403 Forbidden"
[2025-01-27 17:07:35,689] [INFO] [main]: [main.py:30]: Solicitud: POST http://testserver/products/
[2025-01-27 17:07:35,690] [INFO] [main]: [main.py:32]: Respuesta: 403
[2025-01-27 17:07:35,691] [INFO] [httpx]: [_client.py:1025]: HTTP Request: POST http://testserver/products/ "HTTP/1.1 403 Forbidden"
[2025-01-27 17:07:35,753] [INFO] [main]: [main.py:30]: Solicitud: POST http://testserver/products/
[2025-01-27 17:07:35,754] [INFO] [main]: [main.py:32]: Respuesta: 403
[2025-01-27 17:07:35,754] [INFO] [httpx]: [_client.py:1025]: HTTP Request: POST http://testserver/products/ "HTTP/1.1 403 Forbidden"
[2025-01-27 17:08:25,031] [INFO] [main]: [main.py:30]: Solicitud: GET http://127.0.0.1:8000/docs
[2025-01-27 17:08:25,032] [INFO] [main]: [main.py:32]: Respuesta: 200
[2025-01-27 17:08:25,177] [INFO] [main]: [main.py:30]: Solicitud: GET http://127.0.0.1:8000/openapi.json
[2025-01-27 17:08:25,187] [INFO] [main]: [main.py:32]: Respuesta: 200
[2025-01-27 17:08:43,682] [INFO] [main]: [main.py:30]: Solicitud: POST http://127.0.0.1:8000/login
[2025-01-27 17:08:43,685] [INFO] [main]: [main.py:32]: Respuesta: 200
[2025-01-27 17:08:55,960] [INFO] [main]: [main.py:30]: Solicitud: GET http://127.0.0.1:8000/products/
[2025-01-27 17:09:10,784] [INFO] [main]: [main.py:30]: Solicitud: GET http://127.0.0.1:8000/inventory/
[2025-01-27 17:09:42,055] [INFO] [main]: [main.py:30]: Solicitud: GET http://127.0.0.1:8000/docs
[2025-01-27 17:09:42,056] [INFO] [main]: [main.py:32]: Respuesta: 200
[2025-01-27 17:09:42,206] [INFO] [main]: [main.py:30]: Solicitud: GET http://127.0.0.1:8000/openapi.json
[2025-01-27 17:09:42,214] [INFO] [main]: [main.py:32]: Respuesta: 200
[2025-01-27 17:09:52,054] [INFO] [main]: [main.py:30]: Solicitud: GET http://127.0.0.1:8000/products/
[2025-01-27 17:12:18,649] [INFO] [main]: [main.py:30]: Solicitud: GET http://127.0.0.1:8000/docs
[2025-01-27 17:12:18,650] [INFO] [main]: [main.py:32]: Respuesta: 200
[2025-01-27 17:12:18,756] [INFO] [main]: [main.py:30]: Solicitud: GET http://127.0.0.1:8000/openapi.json
[2025-01-27 17:12:18,765] [INFO] [main]: [main.py:32]: Respuesta: 200
[2025-01-27 17:12:27,025] [INFO] [main]: [main.py:30]: Solicitud: GET http://127.0.0.1:8000/products/
[2025-01-27 17:12:27,026] [INFO] [main]: [main.py:32]: Respuesta: 403
[2025-01-27 17:12:35,464] [INFO] [main]: [main.py:30]: Solicitud: GET http://127.0.0.1:8000/products/
[2025-01-27 17:12:35,510] [INFO] [main]: [main.py:32]: Respuesta: 200
[2025-01-27 17:12:46,368] [INFO] [main]: [main.py:30]: Solicitud: POST http://127.0.0.1:8000/products/
[2025-01-27 17:12:46,378] [INFO] [main]: [main.py:32]: Respuesta: 201
[2025-01-27 17:12:50,430] [INFO] [main]: [main.py:30]: Solicitud: GET http://127.0.0.1:8000/products/
[2025-01-27 17:12:50,434] [INFO] [main]: [main.py:32]: Respuesta: 200
[2025-01-27 17:13:04,638] [INFO] [main]: [main.py:30]: Solicitud: GET http://127.0.0.1:8000/products/1
[2025-01-27 17:13:04,644] [INFO] [main]: [main.py:32]: Respuesta: 200
[2025-01-27 17:50:59,345] [INFO] [main]: [main.py:30]: Solicitud: GET http://127.0.0.1:8000/docs
[2025-01-27 17:50:59,346] [INFO] [main]: [main.py:32]: Respuesta: 200
[2025-01-27 17:50:59,438] [INFO] [main]: [main.py:30]: Solicitud: GET http://127.0.0.1:8000/openapi.json
[2025-01-27 17:50:59,448] [INFO] [main]: [main.py:32]: Respuesta: 200
[2025-01-27 17:51:16,093] [INFO] [main]: [main.py:30]: Solicitud: POST http://127.0.0.1:8000/login
[2025-01-27 17:51:16,096] [INFO] [main]: [main.py:32]: Respuesta: 200
[2025-01-27 17:51:37,258] [INFO] [main]: [main.py:30]: Solicitud: GET http://127.0.0.1:8000/products/
[2025-01-27 17:51:37,304] [INFO] [main]: [main.py:32]: Respuesta: 200
[2025-01-27 17:51:56,090] [INFO] [main]: [main.py:30]: Solicitud: POST http://127.0.0.1:8000/products/
[2025-01-27 17:51:56,105] [INFO] [main]: [main.py:32]: Respuesta: 201
[2025-01-27 17:52:01,282] [INFO] [main]: [main.py:30]: Solicitud: GET http://127.0.0.1:8000/products/
[2025-01-27 17:52:01,284] [INFO] [main]: [main.py:32]: Respuesta: 200
[2025-01-27 18:01:14,863] [INFO] [main]: [main.py:30]: Solicitud: POST http://testserver/login
[2025-01-27 18:01:14,865] [INFO] [main]: [main.py:32]: Respuesta: 200
[2025-01-27 18:01:14,866] [INFO] [httpx]: [_client.py:1025]: HTTP Request: POST http://testserver/login "HTTP/1.1 200 OK"
[2025-01-27 18:01:14,867] [INFO] [main]: [main.py:30]: Solicitud: GET http://testserver/products
[2025-01-27 18:01:14,868] [INFO] [main]: [main.py:32]: Respuesta: 307
[2025-01-27 18:01:14,868] [INFO] [httpx]: [_client.py:1025]: HTTP Request: GET http://testserver/products "HTTP/1.1 307 Temporary Redirect"
[2025-01-27 18:01:14,869] [INFO] [main]: [main.py:30]: Solicitud: GET http://testserver/products/
[2025-01-27 18:01:14,915] [INFO] [main]: [main.py:32]: Respuesta: 200
[2025-01-27 18:01:14,923] [INFO] [httpx]: [_client.py:1025]: HTTP Request: GET http://testserver/products/ "HTTP/1.1 200 OK"
[2025-01-27 18:03:16,580] [INFO] [main]: [main.py:30]: Solicitud: POST http://testserver/products/
[2025-01-27 18:03:16,582] [INFO] [main]: [main.py:32]: Respuesta: 401
[2025-01-27 18:03:16,583] [INFO] [httpx]: [_client.py:1025]: HTTP Request: POST http://testserver/products/ "HTTP/1.1 401 Unauthorized"
[2025-01-27 18:03:16,842] [INFO] [main]: [main.py:30]: Solicitud: POST http://testserver/products/
[2025-01-27 18:03:16,843] [INFO] [main]: [main.py:32]: Respuesta: 403
[2025-01-27 18:03:16,844] [INFO] [httpx]: [_client.py:1025]: HTTP Request: POST http://testserver/products/ "HTTP/1.1 403 Forbidden"
[2025-01-27 18:03:16,845] [INFO] [main]: [main.py:30]: Solicitud: GET http://testserver/products/
[2025-01-27 18:03:16,845] [INFO] [main]: [main.py:32]: Respuesta: 403
[2025-01-27 18:03:16,846] [INFO] [httpx]: [_client.py:1025]: HTTP Request: GET http://testserver/products/ "HTTP/1.1 403 Forbidden"
[2025-01-27 18:03:16,910] [INFO] [main]: [main.py:30]: Solicitud: POST http://testserver/products/
[2025-01-27 18:03:16,911] [INFO] [main]: [main.py:32]: Respuesta: 403
[2025-01-27 18:03:16,911] [INFO] [httpx]: [_client.py:1025]: HTTP Request: POST http://testserver/products/ "HTTP/1.1 403 Forbidden"
[2025-01-27 18:03:16,973] [INFO] [main]: [main.py:30]: Solicitud: POST http://testserver/products/
[2025-01-27 18:03:16,974] [INFO] [main]: [main.py:32]: Respuesta: 403
[2025-01-27 18:03:16,974] [INFO] [httpx]: [_client.py:1025]: HTTP Request: POST http://testserver/products/ "HTTP/1.1 403 Forbidden"
[2025-01-27 18:03:17,036] [INFO] [main]: [main.py:30]: Solicitud: POST http://testserver/products/
[2025-01-27 18:03:17,036] [INFO] [main]: [main.py:32]: Respuesta: 403
[2025-01-27 18:03:17,037] [INFO] [httpx]: [_client.py:1025]: HTTP Request: POST http://testserver/products/ "HTTP/1.1 403 Forbidden"
[2025-01-27 18:03:47,901] [INFO] [main]: [main.py:30]: Solicitud: POST http://testserver/products/
[2025-01-27 18:03:47,903] [INFO] [main]: [main.py:32]: Respuesta: 401
[2025-01-27 18:03:47,904] [INFO] [httpx]: [_client.py:1025]: HTTP Request: POST http://testserver/products/ "HTTP/1.1 401 Unauthorized"
[2025-01-27 18:03:48,156] [INFO] [main]: [main.py:30]: Solicitud: POST http://testserver/products/
[2025-01-27 18:03:48,156] [INFO] [main]: [main.py:32]: Respuesta: 403
[2025-01-27 18:03:48,157] [INFO] [httpx]: [_client.py:1025]: HTTP Request: POST http://testserver/products/ "HTTP/1.1 403 Forbidden"
[2025-01-27 18:03:48,158] [INFO] [main]: [main.py:30]: Solicitud: GET http://testserver/products/
[2025-01-27 18:03:48,159] [INFO] [main]: [main.py:32]: Respuesta: 403
[2025-01-27 18:03:48,160] [INFO] [httpx]: [_client.py:1025]: HTTP Request: GET http://testserver/products/ "HTTP/1.1 403 Forbidden"
[2025-01-27 18:03:48,220] [INFO] [main]: [main.py:30]: Solicitud: POST http://testserver/products/
[2025-01-27 18:03:48,221] [INFO] [main]: [main.py:32]: Respuesta: 403
[2025-01-27 18:03:48,222] [INFO] [httpx]: [_client.py:1025]: HTTP Request: POST http://testserver/products/ "HTTP/1.1 403 Forbidden"
[2025-01-27 18:03:48,283] [INFO] [main]: [main.py:30]: Solicitud: POST http://testserver/products/
[2025-01-27 18:03:48,284] [INFO] [main]: [main.py:32]: Respuesta: 403
[2025-01-27 18:03:48,285] [INFO] [httpx]: [_client.py:1025]: HTTP Request: POST http://testserver/products/ "HTTP/1.1 403 Forbidden"
[2025-01-27 18:03:48,347] [INFO] [main]: [main.py:30]: Solicitud: POST http://testserver/products/
[2025-01-27 18:03:48,348] [INFO] [main]: [main.py:32]: Respuesta: 403
[2025-01-27 18:03:48,349] [INFO] [httpx]: [_client.py:1025]: HTTP Request: POST http://testserver/products/ "HTTP/1.1 403 Forbidden"
[2025-01-27 18:10:10,713] [INFO] [main]: [main.py:30]: Solicitud: POST http://testserver/products/
[2025-01-27 18:10:10,715] [INFO] [main]: [main.py:32]: Respuesta: 401
[2025-01-27 18:10:10,716] [INFO] [httpx]: [_client.py:1025]: HTTP Request: POST http://testserver/products/ "HTTP/1.1 401 Unauthorized"
[2025-01-27 18:10:10,947] [INFO] [main]: [main.py:30]: Solicitud: POST http://testserver/products/
[2025-01-27 18:10:10,948] [INFO] [main]: [main.py:32]: Respuesta: 403
[2025-01-27 18:10:10,949] [INFO] [httpx]: [_client.py:1025]: HTTP Request: POST http://testserver/products/ "HTTP/1.1 403 Forbidden"
[2025-01-27 18:10:10,950] [INFO] [main]: [main.py:30]: Solicitud: GET http://testserver/products/
[2025-01-27 18:10:10,951] [INFO] [main]: [main.py:32]: Respuesta: 403
[2025-01-27 18:10:10,951] [INFO] [httpx]: [_client.py:1025]: HTTP Request: GET http://testserver/products/ "HTTP/1.1 403 Forbidden"
[2025-01-27 18:10:10,989] [INFO] [main]: [main.py:30]: Solicitud: POST http://testserver/products/
[2025-01-27 18:10:10,990] [INFO] [main]: [main.py:32]: Respuesta: 403
[2025-01-27 18:10:10,991] [INFO] [httpx]: [_client.py:1025]: HTTP Request: POST http://testserver/products/ "HTTP/1.1 403 Forbidden"
[2025-01-27 18:10:11,028] [INFO] [main]: [main.py:30]: Solicitud: POST http://testserver/products/
[2025-01-27 18:10:11,029] [INFO] [main]: [main.py:32]: Respuesta: 403
[2025-01-27 18:10:11,030] [INFO] [httpx]: [_client.py:1025]: HTTP Request: POST http://testserver/products/ "HTTP/1.1 403 Forbidden"
[2025-01-27 18:10:11,068] [INFO] [main]: [main.py:30]: Solicitud: POST http://testserver/products/
[2025-01-27 18:10:11,068] [INFO] [main]: [main.py:32]: Respuesta: 403
[2025-01-27 18:10:11,069] [INFO] [httpx]: [_client.py:1025]: HTTP Request: POST http://testserver/products/ "HTTP/1.1 403 Forbidden"
[2025-01-27 18:11:00,866] [INFO] [main]: [main.py:30]: Solicitud: GET http://127.0.0.1:8000/docs
[2025-01-27 18:11:00,867] [INFO] [main]: [main.py:32]: Respuesta: 200
[2025-01-27 18:11:00,946] [INFO] [main]: [main.py:30]: Solicitud: GET http://127.0.0.1:8000/openapi.json
[2025-01-27 18:11:00,955] [INFO] [main]: [main.py:32]: Respuesta: 200
[2025-01-27 18:11:09,192] [INFO] [main]: [main.py:30]: Solicitud: GET http://127.0.0.1:8000/products/
[2025-01-27 18:11:09,194] [INFO] [main]: [main.py:32]: Respuesta: 401
[2025-01-27 18:11:48,206] [INFO] [main]: [main.py:30]: Solicitud: POST http://127.0.0.1:8000/login
[2025-01-27 18:11:48,208] [INFO] [main]: [main.py:32]: Respuesta: 200
[2025-01-27 18:12:20,557] [INFO] [main]: [main.py:30]: Solicitud: POST http://testserver/products/
[2025-01-27 18:12:20,558] [INFO] [main]: [main.py:32]: Respuesta: 401
[2025-01-27 18:12:20,559] [INFO] [httpx]: [_client.py:1025]: HTTP Request: POST http://testserver/products/ "HTTP/1.1 401 Unauthorized"
[2025-01-27 18:12:20,786] [INFO] [main]: [main.py:30]: Solicitud: POST http://testserver/products/
[2025-01-27 18:12:20,787] [INFO] [main]: [main.py:32]: Respuesta: 403
[2025-01-27 18:12:20,787] [INFO] [httpx]: [_client.py:1025]: HTTP Request: POST http://testserver/products/ "HTTP/1.1 403 Forbidden"
[2025-01-27 18:12:20,789] [INFO] [main]: [main.py:30]: Solicitud: GET http://testserver/products/
[2025-01-27 18:12:20,789] [INFO] [main]: [main.py:32]: Respuesta: 403
[2025-01-27 18:12:20,790] [INFO] [httpx]: [_client.py:1025]: HTTP Request: GET http://testserver/products/ "HTTP/1.1 403 Forbidden"
[2025-01-27 18:12:20,827] [INFO] [main]: [main.py:30]: Solicitud: POST http://testserver/products/
[2025-01-27 18:12:20,828] [INFO] [main]: [main.py:32]: Respuesta: 403
[2025-01-27 18:12:20,828] [INFO] [httpx]: [_client.py:1025]: HTTP Request: POST http://testserver/products/ "HTTP/1.1 403 Forbidden"
[2025-01-27 18:12:20,866] [INFO] [main]: [main.py:30]: Solicitud: POST http://testserver/products/
[2025-01-27 18:12:20,867] [INFO] [main]: [main.py:32]: Respuesta: 403
[2025-01-27 18:12:20,867] [INFO] [httpx]: [_client.py:1025]: HTTP Request: POST http://testserver/products/ "HTTP/1.1 403 Forbidden"
[2025-01-27 18:12:20,905] [INFO] [main]: [main.py:30]: Solicitud: POST http://testserver/products/
[2025-01-27 18:12:20,905] [INFO] [main]: [main.py:32]: Respuesta: 403
[2025-01-27 18:12:20,906] [INFO] [httpx]: [_client.py:1025]: HTTP Request: POST http://testserver/products/ "HTTP/1.1 403 Forbidden"
[2025-01-27 18:14:41,109] [INFO] [main]: [main.py:30]: Solicitud: POST http://127.0.0.1:8000/login
[2025-01-27 18:14:41,112] [INFO] [main]: [main.py:32]: Respuesta: 200
[2025-01-27 18:15:13,271] [INFO] [main]: [main.py:30]: Solicitud: POST http://testserver/products/
[2025-01-27 18:15:13,272] [INFO] [main]: [main.py:32]: Respuesta: 401
[2025-01-27 18:15:13,274] [INFO] [httpx]: [_client.py:1025]: HTTP Request: POST http://testserver/products/ "HTTP/1.1 401 Unauthorized"
[2025-01-27 18:15:13,523] [INFO] [main]: [main.py:30]: Solicitud: POST http://testserver/products/
[2025-01-27 18:15:13,524] [INFO] [main]: [main.py:32]: Respuesta: 403
[2025-01-27 18:15:13,525] [INFO] [httpx]: [_client.py:1025]: HTTP Request: POST http://testserver/products/ "HTTP/1.1 403 Forbidden"
[2025-01-27 18:15:13,526] [INFO] [main]: [main.py:30]: Solicitud: GET http://testserver/products/
[2025-01-27 18:15:13,526] [INFO] [main]: [main.py:32]: Respuesta: 403
[2025-01-27 18:15:13,527] [INFO] [httpx]: [_client.py:1025]: HTTP Request: GET http://testserver/products/ "HTTP/1.1 403 Forbidden"
[2025-01-27 18:15:13,590] [INFO] [main]: [main.py:30]: Solicitud: POST http://testserver/products/
[2025-01-27 18:15:13,591] [INFO] [main]: [main.py:32]: Respuesta: 403
[2025-01-27 18:15:13,592] [INFO] [httpx]: [_client.py:1025]: HTTP Request: POST http://testserver/products/ "HTTP/1.1 403 Forbidden"
[2025-01-27 18:15:13,656] [INFO] [main]: [main.py:30]: Solicitud: POST http://testserver/products/
[2025-01-27 18:15:13,657] [INFO] [main]: [main.py:32]: Respuesta: 403
[2025-01-27 18:15:13,658] [INFO] [httpx]: [_client.py:1025]: HTTP Request: POST http://testserver/products/ "HTTP/1.1 403 Forbidden"
[2025-01-27 18:15:13,718] [INFO] [main]: [main.py:30]: Solicitud: POST http://testserver/products/
[2025-01-27 18:15:13,719] [INFO] [main]: [main.py:32]: Respuesta: 403
[2025-01-27 18:15:13,720] [INFO] [httpx]: [_client.py:1025]: HTTP Request: POST http://testserver/products/ "HTTP/1.1 403 Forbidden"
[2025-01-27 18:15:28,833] [INFO] [main]: [main.py:30]: Solicitud: POST http://testserver/products/
[2025-01-27 18:15:28,834] [INFO] [main]: [main.py:32]: Respuesta: 401
[2025-01-27 18:15:28,836] [INFO] [httpx]: [_client.py:1025]: HTTP Request: POST http://testserver/products/ "HTTP/1.1 401 Unauthorized"
[2025-01-27 18:15:29,250] [INFO] [main]: [main.py:30]: Solicitud: POST http://testserver/products/
[2025-01-27 18:15:29,251] [INFO] [main]: [main.py:32]: Respuesta: 403
[2025-01-27 18:15:29,252] [INFO] [httpx]: [_client.py:1025]: HTTP Request: POST http://testserver/products/ "HTTP/1.1 403 Forbidden"
[2025-01-27 18:15:29,253] [INFO] [main]: [main.py:30]: Solicitud: GET http://testserver/products/
[2025-01-27 18:15:29,254] [INFO] [main]: [main.py:32]: Respuesta: 403
[2025-01-27 18:15:29,254] [INFO] [httpx]: [_client.py:1025]: HTTP Request: GET http://testserver/products/ "HTTP/1.1 403 Forbidden"
[2025-01-27 18:15:29,317] [INFO] [main]: [main.py:30]: Solicitud: POST http://testserver/products/
[2025-01-27 18:15:29,318] [INFO] [main]: [main.py:32]: Respuesta: 403
[2025-01-27 18:15:29,319] [INFO] [httpx]: [_client.py:1025]: HTTP Request: POST http://testserver/products/ "HTTP/1.1 403 Forbidden"
[2025-01-27 18:15:29,381] [INFO] [main]: [main.py:30]: Solicitud: POST http://testserver/products/
[2025-01-27 18:15:29,382] [INFO] [main]: [main.py:32]: Respuesta: 403
[2025-01-27 18:15:29,383] [INFO] [httpx]: [_client.py:1025]: HTTP Request: POST http://testserver/products/ "HTTP/1.1 403 Forbidden"
[2025-01-27 18:15:29,447] [INFO] [main]: [main.py:30]: Solicitud: POST http://testserver/products/
[2025-01-27 18:15:29,448] [INFO] [main]: [main.py:32]: Respuesta: 403
[2025-01-27 18:15:29,449] [INFO] [httpx]: [_client.py:1025]: HTTP Request: POST http://testserver/products/ "HTTP/1.1 403 Forbidden"
[2025-01-27 18:22:17,199] [INFO] [main]: [main.py:30]: Solicitud: POST http://testserver/products/
[2025-01-27 18:22:17,213] [INFO] [main]: [main.py:32]: Respuesta: 201
[2025-01-27 18:22:17,214] [INFO] [httpx]: [_client.py:1025]: HTTP Request: POST http://testserver/products/ "HTTP/1.1 201 Created"
[2025-01-27 18:22:17,275] [INFO] [main]: [main.py:30]: Solicitud: POST http://testserver/products/
[2025-01-27 18:22:17,279] [INFO] [main]: [main.py:32]: Respuesta: 201
[2025-01-27 18:22:17,280] [INFO] [httpx]: [_client.py:1025]: HTTP Request: POST http://testserver/products/ "HTTP/1.1 201 Created"
[2025-01-27 18:22:17,281] [INFO] [main]: [main.py:30]: Solicitud: GET http://testserver/products/
[2025-01-27 18:22:17,283] [INFO] [main]: [main.py:32]: Respuesta: 200
[2025-01-27 18:22:17,284] [INFO] [httpx]: [_client.py:1025]: HTTP Request: GET http://testserver/products/ "HTTP/1.1 200 OK"
[2025-01-27 18:22:17,342] [INFO] [main]: [main.py:30]: Solicitud: POST http://testserver/products/
[2025-01-27 18:22:17,346] [INFO] [main]: [main.py:32]: Respuesta: 201
[2025-01-27 18:22:17,347] [INFO] [httpx]: [_client.py:1025]: HTTP Request: POST http://testserver/products/ "HTTP/1.1 201 Created"
[2025-01-27 18:22:17,348] [INFO] [main]: [main.py:30]: Solicitud: GET http://testserver/products/1
[2025-01-27 18:22:17,351] [INFO] [main]: [main.py:32]: Respuesta: 200
[2025-01-27 18:22:17,351] [INFO] [httpx]: [_client.py:1025]: HTTP Request: GET http://testserver/products/1 "HTTP/1.1 200 OK"
[2025-01-27 18:22:17,407] [INFO] [main]: [main.py:30]: Solicitud: POST http://testserver/products/
[2025-01-27 18:22:17,410] [INFO] [main]: [main.py:32]: Respuesta: 201
[2025-01-27 18:22:17,411] [INFO] [httpx]: [_client.py:1025]: HTTP Request: POST http://testserver/products/ "HTTP/1.1 201 Created"
[2025-01-27 18:22:17,413] [INFO] [main]: [main.py:30]: Solicitud: PUT http://testserver/products/1
[2025-01-27 18:22:17,416] [INFO] [main]: [main.py:32]: Respuesta: 200
[2025-01-27 18:22:17,417] [INFO] [httpx]: [_client.py:1025]: HTTP Request: PUT http://testserver/products/1 "HTTP/1.1 200 OK"
[2025-01-27 18:22:17,475] [INFO] [main]: [main.py:30]: Solicitud: POST http://testserver/products/
[2025-01-27 18:22:17,480] [INFO] [main]: [main.py:32]: Respuesta: 201
[2025-01-27 18:22:17,481] [INFO] [httpx]: [_client.py:1025]: HTTP Request: POST http://testserver/products/ "HTTP/1.1 201 Created"
[2025-01-27 18:22:17,482] [INFO] [main]: [main.py:30]: Solicitud: DELETE http://testserver/products/1
[2025-01-27 18:22:17,485] [INFO] [main]: [main.py:32]: Respuesta: 204
[2025-01-27 18:22:17,485] [INFO] [httpx]: [_client.py:1025]: HTTP Request: DELETE http://testserver/products/1 "HTTP/1.1 204 No Content"
[2025-01-27 18:22:17,487] [INFO] [main]: [main.py:30]: Solicitud: GET http://testserver/products/1
[2025-01-27 18:22:17,488] [INFO] [main]: [main.py:32]: Respuesta: 404
[2025-01-27 18:22:17,489] [INFO] [httpx]: [_client.py:1025]: HTTP Request: GET http://testserver/products/1 "HTTP/1.1 404 Not Found"
[2025-01-27 18:53:19,511] [INFO] [main]: [main.py:30]: Solicitud: POST http://testserver/products/
[2025-01-27 18:53:19,512] [INFO] [main]: [main.py:32]: Respuesta: 403
[2025-01-27 18:53:19,513] [INFO] [httpx]: [_client.py:1025]: HTTP Request: POST http://testserver/products/ "HTTP/1.1 403 Forbidden"
[2025-01-27 18:53:19,514] [INFO] [main]: [main.py:30]: Solicitud: GET http://testserver/products/
[2025-01-27 18:53:19,514] [INFO] [main]: [main.py:32]: Respuesta: 403
[2025-01-27 18:53:19,515] [INFO] [httpx]: [_client.py:1025]: HTTP Request: GET http://testserver/products/ "HTTP/1.1 403 Forbidden"
[2025-01-27 18:53:19,574] [INFO] [main]: [main.py:30]: Solicitud: POST http://testserver/products/
[2025-01-27 18:53:19,574] [INFO] [main]: [main.py:32]: Respuesta: 403
[2025-01-27 18:53:19,575] [INFO] [httpx]: [_client.py:1025]: HTTP Request: POST http://testserver/products/ "HTTP/1.1 403 Forbidden"
[2025-01-27 18:53:19,638] [INFO] [main]: [main.py:30]: Solicitud: POST http://testserver/products/
[2025-01-27 18:53:19,638] [INFO] [main]: [main.py:32]: Respuesta: 403
[2025-01-27 18:53:19,639] [INFO] [httpx]: [_client.py:1025]: HTTP Request: POST http://testserver/products/ "HTTP/1.1 403 Forbidden"
[2025-01-27 18:53:19,699] [INFO] [main]: [main.py:30]: Solicitud: POST http://testserver/products/
[2025-01-27 18:53:19,699] [INFO] [main]: [main.py:32]: Respuesta: 403
[2025-01-27 18:53:19,700] [INFO] [httpx]: [_client.py:1025]: HTTP Request: POST http://testserver/products/ "HTTP/1.1 403 Forbidden"
[2025-01-27 18:54:06,447] [INFO] [main]: [main.py:30]: Solicitud: POST http://testserver/products/
[2025-01-27 18:54:06,448] [INFO] [main]: [main.py:32]: Respuesta: 403
[2025-01-27 18:54:06,449] [INFO] [httpx]: [_client.py:1025]: HTTP Request: POST http://testserver/products/ "HTTP/1.1 403 Forbidden"
[2025-01-27 18:54:06,701] [INFO] [main]: [main.py:30]: Solicitud: POST http://testserver/products/
[2025-01-27 18:54:06,701] [INFO] [main]: [main.py:32]: Respuesta: 403
[2025-01-27 18:54:06,702] [INFO] [httpx]: [_client.py:1025]: HTTP Request: POST http://testserver/products/ "HTTP/1.1 403 Forbidden"
[2025-01-27 18:54:06,704] [INFO] [main]: [main.py:30]: Solicitud: GET http://testserver/products/
[2025-01-27 18:54:06,704] [INFO] [main]: [main.py:32]: Respuesta: 403
[2025-01-27 18:54:06,705] [INFO] [httpx]: [_client.py:1025]: HTTP Request: GET http://testserver/products/ "HTTP/1.1 403 Forbidden"
[2025-01-27 18:54:06,765] [INFO] [main]: [main.py:30]: Solicitud: POST http://testserver/products/
[2025-01-27 18:54:06,766] [INFO] [main]: [main.py:32]: Respuesta: 403
[2025-01-27 18:54:06,767] [INFO] [httpx]: [_client.py:1025]: HTTP Request: POST http://testserver/products/ "HTTP/1.1 403 Forbidden"
[2025-01-27 18:54:06,826] [INFO] [main]: [main.py:30]: Solicitud: POST http://testserver/products/
[2025-01-27 18:54:06,827] [INFO] [main]: [main.py:32]: Respuesta: 403
[2025-01-27 18:54:06,828] [INFO] [httpx]: [_client.py:1025]: HTTP Request: POST http://testserver/products/ "HTTP/1.1 403 Forbidden"
[2025-01-27 18:54:06,889] [INFO] [main]: [main.py:30]: Solicitud: POST http://testserver/products/
[2025-01-27 18:54:06,890] [INFO] [main]: [main.py:32]: Respuesta: 403
[2025-01-27 18:54:06,890] [INFO] [httpx]: [_client.py:1025]: HTTP Request: POST http://testserver/products/ "HTTP/1.1 403 Forbidden"
[2025-01-27 18:54:26,704] [INFO] [main]: [main.py:30]: Solicitud: POST http://testserver/products/
[2025-01-27 18:54:26,716] [INFO] [main]: [main.py:32]: Respuesta: 201
[2025-01-27 18:54:26,717] [INFO] [httpx]: [_client.py:1025]: HTTP Request: POST http://testserver/products/ "HTTP/1.1 201 Created"
[2025-01-27 18:54:26,776] [INFO] [main]: [main.py:30]: Solicitud: POST http://testserver/products/
[2025-01-27 18:54:26,781] [INFO] [main]: [main.py:32]: Respuesta: 201
[2025-01-27 18:54:26,782] [INFO] [httpx]: [_client.py:1025]: HTTP Request: POST http://testserver/products/ "HTTP/1.1 201 Created"
[2025-01-27 18:54:26,783] [INFO] [main]: [main.py:30]: Solicitud: GET http://testserver/products/
[2025-01-27 18:54:26,785] [INFO] [main]: [main.py:32]: Respuesta: 200
[2025-01-27 18:54:26,786] [INFO] [httpx]: [_client.py:1025]: HTTP Request: GET http://testserver/products/ "HTTP/1.1 200 OK"
[2025-01-27 18:54:26,848] [INFO] [main]: [main.py:30]: Solicitud: POST http://testserver/products/
[2025-01-27 18:54:26,852] [INFO] [main]: [main.py:32]: Respuesta: 201
[2025-01-27 18:54:26,853] [INFO] [httpx]: [_client.py:1025]: HTTP Request: POST http://testserver/products/ "HTTP/1.1 201 Created"
[2025-01-27 18:54:26,854] [INFO] [main]: [main.py:30]: Solicitud: GET http://testserver/products/1
[2025-01-27 18:54:26,856] [INFO] [main]: [main.py:32]: Respuesta: 200
[2025-01-27 18:54:26,857] [INFO] [httpx]: [_client.py:1025]: HTTP Request: GET http://testserver/products/1 "HTTP/1.1 200 OK"
[2025-01-27 18:54:26,914] [INFO] [main]: [main.py:30]: Solicitud: POST http://testserver/products/
[2025-01-27 18:54:26,919] [INFO] [main]: [main.py:32]: Respuesta: 201
[2025-01-27 18:54:26,919] [INFO] [httpx]: [_client.py:1025]: HTTP Request: POST http://testserver/products/ "HTTP/1.1 201 Created"
[2025-01-27 18:54:26,921] [INFO] [main]: [main.py:30]: Solicitud: PUT http://testserver/products/1
[2025-01-27 18:54:26,924] [INFO] [main]: [main.py:32]: Respuesta: 200
[2025-01-27 18:54:26,925] [INFO] [httpx]: [_client.py:1025]: HTTP Request: PUT http://testserver/products/1 "HTTP/1.1 200 OK"
[2025-01-27 18:54:26,989] [INFO] [main]: [main.py:30]: Solicitud: POST http://testserver/products/
[2025-01-27 18:54:26,993] [INFO] [main]: [main.py:32]: Respuesta: 201
[2025-01-27 18:54:26,993] [INFO] [httpx]: [_client.py:1025]: HTTP Request: POST http://testserver/products/ "HTTP/1.1 201 Created"
[2025-01-27 18:54:26,995] [INFO] [main]: [main.py:30]: Solicitud: DELETE http://testserver/products/1
[2025-01-27 18:54:26,998] [INFO] [main]: [main.py:32]: Respuesta: 204
[2025-01-27 18:54:26,999] [INFO] [httpx]: [_client.py:1025]: HTTP Request: DELETE http://testserver/products/1 "HTTP/1.1 204 No Content"
[2025-01-27 18:54:27,000] [INFO] [main]: [main.py:30]: Solicitud: GET http://testserver/products/1
[2025-01-27 18:54:27,002] [INFO] [main]: [main.py:32]: Respuesta: 404
[2025-01-27 18:54:27,003] [INFO] [httpx]: [_client.py:1025]: HTTP Request: GET http://testserver/products/1 "HTTP/1.1 404 Not Found"
[2025-01-27 19:04:38,728] [INFO] [main]: [main.py:30]: Solicitud: POST http://testserver/products/
[2025-01-27 19:04:38,729] [INFO] [main]: [main.py:32]: Respuesta: 403
[2025-01-27 19:04:38,730] [INFO] [httpx]: [_client.py:1025]: HTTP Request: POST http://testserver/products/ "HTTP/1.1 403 Forbidden"
[2025-01-27 19:04:39,121] [INFO] [main]: [main.py:30]: Solicitud: POST http://testserver/products/
[2025-01-27 19:04:39,122] [INFO] [main]: [main.py:32]: Respuesta: 403
[2025-01-27 19:04:39,123] [INFO] [httpx]: [_client.py:1025]: HTTP Request: POST http://testserver/products/ "HTTP/1.1 403 Forbidden"
[2025-01-27 19:04:39,124] [INFO] [main]: [main.py:30]: Solicitud: GET http://testserver/products/
[2025-01-27 19:04:39,125] [INFO] [main]: [main.py:32]: Respuesta: 403
[2025-01-27 19:04:39,125] [INFO] [httpx]: [_client.py:1025]: HTTP Request: GET http://testserver/products/ "HTTP/1.1 403 Forbidden"
[2025-01-27 19:04:39,169] [INFO] [main]: [main.py:30]: Solicitud: POST http://testserver/products/
[2025-01-27 19:04:39,170] [INFO] [main]: [main.py:32]: Respuesta: 403
[2025-01-27 19:04:39,171] [INFO] [httpx]: [_client.py:1025]: HTTP Request: POST http://testserver/products/ "HTTP/1.1 403 Forbidden"
[2025-01-27 19:04:39,215] [INFO] [main]: [main.py:30]: Solicitud: POST http://testserver/products/
[2025-01-27 19:04:39,216] [INFO] [main]: [main.py:32]: Respuesta: 403
[2025-01-27 19:04:39,216] [INFO] [httpx]: [_client.py:1025]: HTTP Request: POST http://testserver/products/ "HTTP/1.1 403 Forbidden"
[2025-01-27 19:04:39,259] [INFO] [main]: [main.py:30]: Solicitud: POST http://testserver/products/
[2025-01-27 19:04:39,260] [INFO] [main]: [main.py:32]: Respuesta: 403
[2025-01-27 19:04:39,261] [INFO] [httpx]: [_client.py:1025]: HTTP Request: POST http://testserver/products/ "HTTP/1.1 403 Forbidden"
[2025-01-27 19:18:56,913] [INFO] [main]: [main.py:30]: Solicitud: POST http://testserver/products/
[2025-01-27 19:18:56,925] [INFO] [main]: [main.py:32]: Respuesta: 201
[2025-01-27 19:18:56,926] [INFO] [httpx]: [_client.py:1025]: HTTP Request: POST http://testserver/products/ "HTTP/1.1 201 Created"
[2025-01-27 19:18:56,986] [INFO] [main]: [main.py:30]: Solicitud: POST http://testserver/products/
[2025-01-27 19:18:56,991] [INFO] [main]: [main.py:32]: Respuesta: 201
[2025-01-27 19:18:56,991] [INFO] [httpx]: [_client.py:1025]: HTTP Request: POST http://testserver/products/ "HTTP/1.1 201 Created"
[2025-01-27 19:18:56,993] [INFO] [main]: [main.py:30]: Solicitud: GET http://testserver/products/
[2025-01-27 19:18:56,996] [INFO] [main]: [main.py:32]: Respuesta: 200
[2025-01-27 19:18:56,996] [INFO] [httpx]: [_client.py:1025]: HTTP Request: GET http://testserver/products/ "HTTP/1.1 200 OK"
[2025-01-27 19:18:57,054] [INFO] [main]: [main.py:30]: Solicitud: POST http://testserver/products/
[2025-01-27 19:18:57,058] [INFO] [main]: [main.py:32]: Respuesta: 201
[2025-01-27 19:18:57,059] [INFO] [httpx]: [_client.py:1025]: HTTP Request: POST http://testserver/products/ "HTTP/1.1 201 Created"
[2025-01-27 19:18:57,060] [INFO] [main]: [main.py:30]: Solicitud: GET http://testserver/products/1
[2025-01-27 19:18:57,063] [INFO] [main]: [main.py:32]: Respuesta: 200
[2025-01-27 19:18:57,063] [INFO] [httpx]: [_client.py:1025]: HTTP Request: GET http://testserver/products/1 "HTTP/1.1 200 OK"
[2025-01-27 19:18:57,123] [INFO] [main]: [main.py:30]: Solicitud: POST http://testserver/products/
[2025-01-27 19:18:57,127] [INFO] [main]: [main.py:32]: Respuesta: 201
[2025-01-27 19:18:57,127] [INFO] [httpx]: [_client.py:1025]: HTTP Request: POST http://testserver/products/ "HTTP/1.1 201 Created"
[2025-01-27 19:18:57,129] [INFO] [main]: [main.py:30]: Solicitud: PUT http://testserver/products/1
[2025-01-27 19:18:57,133] [INFO] [main]: [main.py:32]: Respuesta: 200
[2025-01-27 19:18:57,134] [INFO] [httpx]: [_client.py:1025]: HTTP Request: PUT http://testserver/products/1 "HTTP/1.1 200 OK"
[2025-01-27 19:18:57,191] [INFO] [main]: [main.py:30]: Solicitud: POST http://testserver/products/
[2025-01-27 19:18:57,195] [INFO] [main]: [main.py:32]: Respuesta: 201
[2025-01-27 19:18:57,195] [INFO] [httpx]: [_client.py:1025]: HTTP Request: POST http://testserver/products/ "HTTP/1.1 201 Created"
[2025-01-27 19:18:57,196] [INFO] [main]: [main.py:30]: Solicitud: DELETE http://testserver/products/1
[2025-01-27 19:18:57,200] [INFO] [main]: [main.py:32]: Respuesta: 204
[2025-01-27 19:18:57,201] [INFO] [httpx]: [_client.py:1025]: HTTP Request: DELETE http://testserver/products/1 "HTTP/1.1 204 No Content"
[2025-01-27 19:18:57,202] [INFO] [main]: [main.py:30]: Solicitud: GET http://testserver/products/1
[2025-01-27 19:18:57,204] [INFO] [main]: [main.py:32]: Respuesta: 404
[2025-01-27 19:18:57,205] [INFO] [httpx]: [_client.py:1025]: HTTP Request: GET http://testserver/products/1 "HTTP/1.1 404 Not Found"
[2025-01-27 19:34:45,602] [INFO] [main]: [main.py:30]: Solicitud: GET http://testserver/inventory/
[2025-01-27 19:34:45,632] [INFO] [main]: [main.py:32]: Respuesta: 200
[2025-01-27 19:34:45,633] [INFO] [httpx]: [_client.py:1025]: HTTP Request: GET http://testserver/inventory/ "HTTP/1.1 200 OK"
[2025-01-27 19:35:52,269] [INFO] [main]: [main.py:30]: Solicitud: GET http://127.0.0.1:8000/docs
[2025-01-27 19:35:52,270] [INFO] [main]: [main.py:32]: Respuesta: 200
[2025-01-27 19:35:52,398] [INFO] [main]: [main.py:30]: Solicitud: GET http://127.0.0.1:8000/openapi.json
[2025-01-27 19:35:52,407] [INFO] [main]: [main.py:32]: Respuesta: 200
[2025-01-27 19:36:04,894] [INFO] [main]: [main.py:30]: Solicitud: GET http://127.0.0.1:8000/inventory/
[2025-01-27 19:36:04,942] [INFO] [main]: [main.py:32]: Respuesta: 200
[2025-01-27 19:39:54,200] [INFO] [main]: [main.py:30]: Solicitud: POST http://127.0.0.1:8000/products/
[2025-01-27 19:39:54,204] [INFO] [api.v1.endpoints.product]: [product.py:22]: Creating product with name: product3 and SKU: p3
[2025-01-27 19:39:54,256] [INFO] [api.v1.endpoints.product]: [product.py:36]: Product created successfully with ID: 3
[2025-01-27 19:39:54,261] [INFO] [api.v1.endpoints.product]: [product.py:48]: Inventory record created for product ID 3 with quantity: 1
[2025-01-27 19:39:54,262] [INFO] [main]: [main.py:32]: Respuesta: 201
[2025-01-27 19:40:05,423] [INFO] [main]: [main.py:30]: Solicitud: GET http://127.0.0.1:8000/products/
[2025-01-27 19:40:05,426] [INFO] [main]: [main.py:32]: Respuesta: 200
[2025-01-27 19:40:15,657] [INFO] [main]: [main.py:30]: Solicitud: GET http://127.0.0.1:8000/inventory/
[2025-01-27 19:40:15,660] [INFO] [main]: [main.py:32]: Respuesta: 200
[2025-01-27 19:45:46,637] [INFO] [main]: [main.py:30]: Solicitud: GET http://127.0.0.1:8000/docs
[2025-01-27 19:45:46,638] [INFO] [main]: [main.py:32]: Respuesta: 200
[2025-01-27 19:45:46,788] [INFO] [main]: [main.py:30]: Solicitud: GET http://127.0.0.1:8000/openapi.json
[2025-01-27 19:45:46,797] [INFO] [main]: [main.py:32]: Respuesta: 200
[2025-01-27 19:45:52,555] [INFO] [main]: [main.py:30]: Solicitud: GET http://127.0.0.1:8000/inventory/
[2025-01-27 19:45:52,604] [INFO] [main]: [main.py:32]: Respuesta: 200
[2025-01-27 19:46:09,321] [INFO] [main]: [main.py:30]: Solicitud: PUT http://127.0.0.1:8000/inventory/1
[2025-01-27 19:46:09,327] [INFO] [main]: [main.py:32]: Respuesta: 404
[2025-01-27 19:46:16,800] [INFO] [main]: [main.py:30]: Solicitud: GET http://127.0.0.1:8000/inventory/
[2025-01-27 19:46:16,802] [INFO] [main]: [main.py:32]: Respuesta: 200
[2025-01-27 19:46:23,419] [INFO] [main]: [main.py:30]: Solicitud: PUT http://127.0.0.1:8000/inventory/3
[2025-01-27 19:46:23,434] [INFO] [main]: [main.py:32]: Respuesta: 200
[2025-01-27 19:48:23,632] [INFO] [main]: [main.py:30]: Solicitud: GET http://127.0.0.1:8000/docs
[2025-01-27 19:48:23,633] [INFO] [main]: [main.py:32]: Respuesta: 200
[2025-01-27 19:48:23,795] [INFO] [main]: [main.py:30]: Solicitud: GET http://127.0.0.1:8000/openapi.json
[2025-01-27 19:48:23,805] [INFO] [main]: [main.py:32]: Respuesta: 200
[2025-01-27 19:48:30,004] [INFO] [main]: [main.py:30]: Solicitud: GET http://127.0.0.1:8000/inventory/
[2025-01-27 19:48:30,005] [INFO] [api.v1.endpoints.inventory]: [inventory.py:19]: Fetching all inventory records
[2025-01-27 19:48:30,051] [INFO] [api.v1.endpoints.inventory]: [inventory.py:21]: Found 1 inventory records
[2025-01-27 19:48:30,053] [INFO] [main]: [main.py:32]: Respuesta: 200
[2025-01-27 19:48:37,329] [INFO] [main]: [main.py:30]: Solicitud: GET http://127.0.0.1:8000/inventory/3
[2025-01-27 19:48:37,330] [INFO] [api.v1.endpoints.inventory]: [inventory.py:27]: Fetching inventory for product ID: 3
[2025-01-27 19:48:37,332] [INFO] [api.v1.endpoints.inventory]: [inventory.py:32]: Found inventory for product ID: 3, quantity: 67
[2025-01-27 19:48:37,333] [INFO] [main]: [main.py:32]: Respuesta: 200
[2025-01-27 19:48:53,267] [INFO] [main]: [main.py:30]: Solicitud: PUT http://127.0.0.1:8000/inventory/3
[2025-01-27 19:48:53,269] [INFO] [api.v1.endpoints.inventory]: [inventory.py:38]: Updating inventory for product ID: 3 with new quantity: 90
[2025-01-27 19:48:53,272] [INFO] [api.v1.endpoints.inventory]: [inventory.py:51]: Inventory for product ID: 3 updated successfully
[2025-01-27 19:48:53,276] [INFO] [api.v1.endpoints.inventory]: [inventory.py:58]: Inventory for product ID: 3 committed to the database
[2025-01-27 19:48:53,277] [INFO] [main]: [main.py:32]: Respuesta: 200
[2025-01-27 19:50:00,200] [INFO] [main]: [main.py:30]: Solicitud: GET http://127.0.0.1:8000/docs
[2025-01-27 19:50:00,201] [INFO] [main]: [main.py:32]: Respuesta: 200
[2025-01-27 19:50:00,281] [INFO] [main]: [main.py:30]: Solicitud: GET http://127.0.0.1:8000/openapi.json
[2025-01-27 19:50:00,290] [INFO] [main]: [main.py:32]: Respuesta: 200
[2025-01-27 19:50:24,346] [INFO] [main]: [main.py:30]: Solicitud: POST http://127.0.0.1:8000/products/
[2025-01-27 19:50:24,349] [INFO] [api.v1.endpoints.product]: [product.py:20]: Received request to create product with name: product4g, SKU: p4
[2025-01-27 19:50:24,404] [INFO] [api.v1.endpoints.product]: [product.py:33]: Product created successfully with ID: 4
[2025-01-27 19:50:24,408] [INFO] [api.v1.endpoints.product]: [product.py:43]: Inventory record created for product ID 4 with quantity: 1
[2025-01-27 19:50:24,409] [INFO] [main]: [main.py:32]: Respuesta: 201
[2025-01-27 19:50:32,481] [INFO] [main]: [main.py:30]: Solicitud: GET http://127.0.0.1:8000/products/
[2025-01-27 19:50:32,482] [INFO] [api.v1.endpoints.product]: [product.py:56]: Fetching all products
[2025-01-27 19:50:32,483] [INFO] [api.v1.endpoints.product]: [product.py:58]: Found 4 products
[2025-01-27 19:50:32,484] [INFO] [main]: [main.py:32]: Respuesta: 200
[2025-01-27 19:50:48,287] [INFO] [main]: [main.py:30]: Solicitud: GET http://127.0.0.1:8000/products/2
[2025-01-27 19:50:48,289] [INFO] [api.v1.endpoints.product]: [product.py:64]: Fetching product with ID: 2
[2025-01-27 19:50:48,291] [INFO] [api.v1.endpoints.product]: [product.py:69]: Found product with ID 2
[2025-01-27 19:50:48,292] [INFO] [main]: [main.py:32]: Respuesta: 200
[2025-01-27 19:51:04,107] [INFO] [main]: [main.py:30]: Solicitud: PUT http://127.0.0.1:8000/products/2
[2025-01-27 19:51:04,109] [INFO] [api.v1.endpoints.product]: [product.py:75]: Updating product with ID: 2
[2025-01-27 19:51:04,113] [INFO] [api.v1.endpoints.product]: [product.py:87]: Product with ID 2 updated successfully
[2025-01-27 19:51:04,114] [INFO] [main]: [main.py:32]: Respuesta: 200
[2025-01-27 19:51:15,972] [INFO] [main]: [main.py:30]: Solicitud: GET http://127.0.0.1:8000/products/2
[2025-01-27 19:51:15,973] [INFO] [api.v1.endpoints.product]: [product.py:64]: Fetching product with ID: 2
[2025-01-27 19:51:15,974] [INFO] [api.v1.endpoints.product]: [product.py:69]: Found product with ID 2
[2025-01-27 19:51:15,975] [INFO] [main]: [main.py:32]: Respuesta: 200
[2025-01-27 19:51:22,579] [INFO] [main]: [main.py:30]: Solicitud: DELETE http://127.0.0.1:8000/products/2
[2025-01-27 19:51:22,580] [INFO] [api.v1.endpoints.product]: [product.py:93]: Attempting to delete product with ID: 2
[2025-01-27 19:51:22,591] [INFO] [api.v1.endpoints.product]: [product.py:100]: Product with ID 2 deleted successfully
[2025-01-27 19:51:22,592] [INFO] [main]: [main.py:32]: Respuesta: 204
[2025-01-27 19:51:34,904] [INFO] [main]: [main.py:30]: Solicitud: GET http://127.0.0.1:8000/products/
[2025-01-27 19:51:34,905] [INFO] [api.v1.endpoints.product]: [product.py:56]: Fetching all products
[2025-01-27 19:51:34,906] [INFO] [api.v1.endpoints.product]: [product.py:58]: Found 3 products
[2025-01-27 19:51:34,907] [INFO] [main]: [main.py:32]: Respuesta: 200
[2025-01-27 20:02:22,960] [INFO] [main]: [main.py:48]: Solicitud: GET http://127.0.0.1:8000/docs
[2025-01-27 20:02:22,961] [INFO] [main]: [main.py:50]: Respuesta: 200
[2025-01-27 20:02:23,102] [INFO] [main]: [main.py:48]: Solicitud: GET http://127.0.0.1:8000/openapi.json
[2025-01-27 20:02:23,111] [INFO] [main]: [main.py:50]: Respuesta: 200
[2025-01-27 20:02:29,244] [INFO] [main]: [main.py:48]: Solicitud: GET http://127.0.0.1:8000/products/
[2025-01-27 20:02:29,245] [INFO] [api.v1.endpoints.product]: [product.py:61]: Fetching all products
[2025-01-27 20:02:29,287] [INFO] [api.v1.endpoints.product]: [product.py:63]: Found 3 products
[2025-01-27 20:02:29,289] [INFO] [main]: [main.py:50]: Respuesta: 200
[2025-01-27 20:02:31,376] [INFO] [main]: [main.py:48]: Solicitud: GET http://127.0.0.1:8000/products/
[2025-01-27 20:02:31,378] [INFO] [api.v1.endpoints.product]: [product.py:61]: Fetching all products
[2025-01-27 20:02:31,379] [INFO] [api.v1.endpoints.product]: [product.py:63]: Found 3 products
[2025-01-27 20:02:31,380] [INFO] [main]: [main.py:50]: Respuesta: 200
[2025-01-27 20:02:32,045] [INFO] [main]: [main.py:48]: Solicitud: GET http://127.0.0.1:8000/products/
[2025-01-27 20:02:32,046] [INFO] [api.v1.endpoints.product]: [product.py:61]: Fetching all products
[2025-01-27 20:02:32,047] [INFO] [api.v1.endpoints.product]: [product.py:63]: Found 3 products
[2025-01-27 20:02:32,048] [INFO] [main]: [main.py:50]: Respuesta: 200
[2025-01-27 20:02:32,591] [INFO] [main]: [main.py:48]: Solicitud: GET http://127.0.0.1:8000/products/
[2025-01-27 20:02:32,593] [INFO] [api.v1.endpoints.product]: [product.py:61]: Fetching all products
[2025-01-27 20:02:32,594] [INFO] [api.v1.endpoints.product]: [product.py:63]: Found 3 products
[2025-01-27 20:02:32,595] [INFO] [main]: [main.py:50]: Respuesta: 200
[2025-01-27 20:02:33,066] [INFO] [main]: [main.py:48]: Solicitud: GET http://127.0.0.1:8000/products/
[2025-01-27 20:02:33,067] [INFO] [api.v1.endpoints.product]: [product.py:61]: Fetching all products
[2025-01-27 20:02:33,068] [INFO] [api.v1.endpoints.product]: [product.py:63]: Found 3 products
[2025-01-27 20:02:33,069] [INFO] [main]: [main.py:50]: Respuesta: 200
[2025-01-27 20:02:33,591] [INFO] [main]: [main.py:48]: Solicitud: GET http://127.0.0.1:8000/products/
[2025-01-27 20:02:33,592] [WARNING] [slowapi]: [extension.py:510]: ratelimit 5 per 1 minute (127.0.0.1) exceeded at endpoint: /products/
[2025-01-27 20:02:33,593] [INFO] [main]: [main.py:50]: Respuesta: 429
[2025-01-27 20:19:37,938] [INFO] [main]: [main.py:48]: Solicitud: GET http://127.0.0.1:8000/docs
[2025-01-27 20:19:37,939] [INFO] [main]: [main.py:50]: Respuesta: 200
[2025-01-27 20:19:38,080] [INFO] [main]: [main.py:48]: Solicitud: GET http://127.0.0.1:8000/openapi.json
[2025-01-27 20:19:38,089] [INFO] [main]: [main.py:50]: Respuesta: 200
[2025-01-27 20:19:56,241] [INFO] [main]: [main.py:48]: Solicitud: GET http://127.0.0.1:8000/docs
[2025-01-27 20:19:56,242] [INFO] [main]: [main.py:50]: Respuesta: 200
[2025-01-27 20:19:56,308] [INFO] [main]: [main.py:48]: Solicitud: GET http://127.0.0.1:8000/openapi.json
[2025-01-27 20:19:56,318] [INFO] [main]: [main.py:50]: Respuesta: 200
[2025-01-27 20:20:10,356] [INFO] [main]: [main.py:48]: Solicitud: POST http://127.0.0.1:8000/login
[2025-01-27 20:20:10,358] [INFO] [main]: [main.py:50]: Respuesta: 200
[2025-01-27 20:20:25,792] [INFO] [main]: [main.py:48]: Solicitud: GET http://127.0.0.1:8000/products/
[2025-01-27 20:20:25,794] [INFO] [api.v1.endpoints.product]: [product.py:62]: Fetching all products
[2025-01-27 20:20:25,839] [INFO] [api.v1.endpoints.product]: [product.py:64]: Found 3 products
[2025-01-27 20:20:25,841] [INFO] [main]: [main.py:50]: Respuesta: 200
[2025-01-27 20:20:45,146] [INFO] [main]: [main.py:48]: Solicitud: POST http://127.0.0.1:8000/products/
[2025-01-27 20:20:45,149] [INFO] [api.v1.endpoints.product]: [product.py:25]: Received request to create product with name: string5, SKU: string5
[2025-01-27 20:20:45,162] [INFO] [api.v1.endpoints.product]: [product.py:38]: Product created successfully with ID: 5
[2025-01-27 20:20:45,166] [INFO] [api.v1.endpoints.product]: [product.py:48]: Inventory record created for product ID 5 with quantity: 1
[2025-01-27 20:20:45,168] [INFO] [main]: [main.py:50]: Respuesta: 201
[2025-01-27 20:20:59,184] [INFO] [main]: [main.py:48]: Solicitud: GET http://127.0.0.1:8000/products/5
[2025-01-27 20:20:59,186] [INFO] [api.v1.endpoints.product]: [product.py:71]: Fetching product with ID: 5
[2025-01-27 20:20:59,188] [INFO] [api.v1.endpoints.product]: [product.py:76]: Found product with ID 5
[2025-01-27 20:20:59,190] [INFO] [main]: [main.py:50]: Respuesta: 200
[2025-01-27 20:21:09,833] [INFO] [main]: [main.py:48]: Solicitud: PUT http://127.0.0.1:8000/products/5
[2025-01-27 20:21:09,835] [INFO] [api.v1.endpoints.product]: [product.py:83]: Updating product with ID: 5
[2025-01-27 20:21:09,839] [INFO] [api.v1.endpoints.product]: [product.py:95]: Product with ID 5 updated successfully
[2025-01-27 20:21:09,840] [INFO] [main]: [main.py:50]: Respuesta: 200
[2025-01-27 20:21:18,502] [INFO] [main]: [main.py:48]: Solicitud: DELETE http://127.0.0.1:8000/products/5
[2025-01-27 20:21:18,504] [INFO] [api.v1.endpoints.product]: [product.py:102]: Attempting to delete product with ID: 5
[2025-01-27 20:21:35,894] [INFO] [main]: [main.py:48]: Solicitud: GET http://127.0.0.1:8000/docs
[2025-01-27 20:21:35,894] [INFO] [main]: [main.py:50]: Respuesta: 200
[2025-01-27 20:21:35,980] [INFO] [main]: [main.py:48]: Solicitud: GET http://127.0.0.1:8000/openapi.json
[2025-01-27 20:21:35,981] [INFO] [main]: [main.py:50]: Respuesta: 200
[2025-01-27 20:21:41,605] [INFO] [main]: [main.py:48]: Solicitud: GET http://127.0.0.1:8000/products/
[2025-01-27 20:21:41,605] [INFO] [main]: [main.py:50]: Respuesta: 403
[2025-01-27 20:21:51,728] [INFO] [main]: [main.py:48]: Solicitud: GET http://127.0.0.1:8000/products/
[2025-01-27 20:21:51,730] [INFO] [api.v1.endpoints.product]: [product.py:62]: Fetching all products
[2025-01-27 20:21:51,731] [INFO] [api.v1.endpoints.product]: [product.py:64]: Found 4 products
[2025-01-27 20:21:51,732] [INFO] [main]: [main.py:50]: Respuesta: 200
[2025-01-27 20:22:00,766] [INFO] [main]: [main.py:48]: Solicitud: DELETE http://127.0.0.1:8000/products/5
[2025-01-27 20:22:00,767] [INFO] [api.v1.endpoints.product]: [product.py:102]: Attempting to delete product with ID: 5
[2025-01-27 20:23:03,077] [INFO] [main]: [main.py:48]: Solicitud: GET http://127.0.0.1:8000/products/
[2025-01-27 20:23:03,079] [INFO] [api.v1.endpoints.product]: [product.py:62]: Fetching all products
[2025-01-27 20:23:03,123] [INFO] [api.v1.endpoints.product]: [product.py:64]: Found 4 products
[2025-01-27 20:23:03,124] [INFO] [main]: [main.py:50]: Respuesta: 200
[2025-01-27 20:23:13,484] [INFO] [main]: [main.py:48]: Solicitud: DELETE http://127.0.0.1:8000/products/5
[2025-01-27 20:23:13,486] [INFO] [api.v1.endpoints.product]: [product.py:102]: Attempting to delete product with ID: 5
[2025-01-27 20:26:05,138] [INFO] [main]: [main.py:48]: Solicitud: DELETE http://127.0.0.1:8000/products/5
[2025-01-27 20:26:05,141] [INFO] [api.v1.endpoints.product]: [product.py:102]: Attempting to delete product with ID: 5
[2025-01-27 20:26:28,304] [INFO] [main]: [main.py:48]: Solicitud: GET http://127.0.0.1:8000/docs
[2025-01-27 20:26:28,304] [INFO] [main]: [main.py:50]: Respuesta: 200
[2025-01-27 20:26:28,429] [INFO] [main]: [main.py:48]: Solicitud: GET http://127.0.0.1:8000/openapi.json
[2025-01-27 20:26:28,438] [INFO] [main]: [main.py:50]: Respuesta: 200
[2025-01-27 20:26:43,345] [INFO] [main]: [main.py:48]: Solicitud: POST http://127.0.0.1:8000/login
[2025-01-27 20:26:43,347] [INFO] [main]: [main.py:50]: Respuesta: 200
[2025-01-27 20:27:01,853] [INFO] [main]: [main.py:48]: Solicitud: GET http://127.0.0.1:8000/products/
[2025-01-27 20:27:01,854] [INFO] [api.v1.endpoints.product]: [product.py:62]: Fetching all products
[2025-01-27 20:27:01,856] [INFO] [api.v1.endpoints.product]: [product.py:64]: Found 4 products
[2025-01-27 20:27:01,857] [INFO] [main]: [main.py:50]: Respuesta: 200
[2025-01-27 20:27:10,857] [INFO] [main]: [main.py:48]: Solicitud: DELETE http://127.0.0.1:8000/products/5
[2025-01-27 20:27:10,859] [INFO] [api.v1.endpoints.product]: [product.py:102]: Attempting to delete product with ID: 5
[2025-01-27 20:28:13,111] [INFO] [main]: [main.py:48]: Solicitud: GET http://127.0.0.1:8000/products/5
[2025-01-27 20:28:13,113] [INFO] [api.v1.endpoints.product]: [product.py:71]: Fetching product with ID: 5
[2025-01-27 20:28:13,114] [INFO] [api.v1.endpoints.product]: [product.py:76]: Found product with ID 5
[2025-01-27 20:28:13,115] [INFO] [main]: [main.py:50]: Respuesta: 200
[2025-01-27 20:32:38,043] [INFO] [main]: [main.py:48]: Solicitud: GET http://127.0.0.1:8000/inventory/
[2025-01-27 20:32:38,047] [INFO] [api.v1.endpoints.inventory]: [inventory.py:26]: Fetching all inventory records
[2025-01-27 20:32:38,092] [INFO] [api.v1.endpoints.inventory]: [inventory.py:28]: Found 3 inventory records
[2025-01-27 20:32:38,093] [INFO] [main]: [main.py:50]: Respuesta: 200
[2025-01-27 20:32:39,734] [INFO] [main]: [main.py:48]: Solicitud: GET http://127.0.0.1:8000/inventory/
[2025-01-27 20:32:39,736] [INFO] [api.v1.endpoints.inventory]: [inventory.py:26]: Fetching all inventory records
[2025-01-27 20:32:39,737] [INFO] [api.v1.endpoints.inventory]: [inventory.py:28]: Found 3 inventory records
[2025-01-27 20:32:39,738] [INFO] [main]: [main.py:50]: Respuesta: 200
[2025-01-27 20:32:40,181] [INFO] [main]: [main.py:48]: Solicitud: GET http://127.0.0.1:8000/inventory/
[2025-01-27 20:32:40,182] [INFO] [api.v1.endpoints.inventory]: [inventory.py:26]: Fetching all inventory records
[2025-01-27 20:32:40,183] [INFO] [api.v1.endpoints.inventory]: [inventory.py:28]: Found 3 inventory records
[2025-01-27 20:32:40,184] [INFO] [main]: [main.py:50]: Respuesta: 200
[2025-01-27 20:32:40,549] [INFO] [main]: [main.py:48]: Solicitud: GET http://127.0.0.1:8000/inventory/
[2025-01-27 20:32:40,551] [INFO] [api.v1.endpoints.inventory]: [inventory.py:26]: Fetching all inventory records
[2025-01-27 20:32:40,552] [INFO] [api.v1.endpoints.inventory]: [inventory.py:28]: Found 3 inventory records
[2025-01-27 20:32:40,553] [INFO] [main]: [main.py:50]: Respuesta: 200
[2025-01-27 20:32:40,963] [INFO] [main]: [main.py:48]: Solicitud: GET http://127.0.0.1:8000/inventory/
[2025-01-27 20:32:40,965] [INFO] [api.v1.endpoints.inventory]: [inventory.py:26]: Fetching all inventory records
[2025-01-27 20:32:40,966] [INFO] [api.v1.endpoints.inventory]: [inventory.py:28]: Found 3 inventory records
[2025-01-27 20:32:40,967] [INFO] [main]: [main.py:50]: Respuesta: 200
[2025-01-27 20:32:41,352] [INFO] [main]: [main.py:48]: Solicitud: GET http://127.0.0.1:8000/inventory/
[2025-01-27 20:32:41,354] [WARNING] [slowapi]: [extension.py:510]: ratelimit 5 per 1 minute (127.0.0.1) exceeded at endpoint: /inventory/
[2025-01-27 20:32:41,354] [INFO] [main]: [main.py:50]: Respuesta: 429
[2025-01-27 20:32:41,733] [INFO] [main]: [main.py:48]: Solicitud: GET http://127.0.0.1:8000/inventory/
[2025-01-27 20:32:41,734] [WARNING] [slowapi]: [extension.py:510]: ratelimit 5 per 1 minute (127.0.0.1) exceeded at endpoint: /inventory/
[2025-01-27 20:32:41,735] [INFO] [main]: [main.py:50]: Respuesta: 429
[2025-01-27 20:32:49,054] [INFO] [main]: [main.py:48]: Solicitud: GET http://127.0.0.1:8000/inventory/
[2025-01-27 20:32:49,055] [WARNING] [slowapi]: [extension.py:510]: ratelimit 5 per 1 minute (127.0.0.1) exceeded at endpoint: /inventory/
[2025-01-27 20:32:49,056] [INFO] [main]: [main.py:50]: Respuesta: 429
[2025-01-27 20:32:55,002] [INFO] [main]: [main.py:48]: Solicitud: GET http://127.0.0.1:8000/inventory/1
[2025-01-27 20:32:55,004] [INFO] [api.v1.endpoints.inventory]: [inventory.py:35]: Fetching inventory for product ID: 1
[2025-01-27 20:32:55,006] [WARNING] [api.v1.endpoints.inventory]: [inventory.py:38]: Inventory record not found for product ID: 1
[2025-01-27 20:32:55,007] [INFO] [main]: [main.py:50]: Respuesta: 404
[2025-01-27 20:32:59,988] [INFO] [main]: [main.py:48]: Solicitud: GET http://127.0.0.1:8000/inventory/3
[2025-01-27 20:32:59,989] [INFO] [api.v1.endpoints.inventory]: [inventory.py:35]: Fetching inventory for product ID: 3
[2025-01-27 20:32:59,990] [INFO] [api.v1.endpoints.inventory]: [inventory.py:40]: Found inventory for product ID: 3, quantity: 90
[2025-01-27 20:32:59,991] [INFO] [main]: [main.py:50]: Respuesta: 200
[2025-01-27 20:33:10,219] [INFO] [main]: [main.py:48]: Solicitud: PUT http://127.0.0.1:8000/inventory/3
[2025-01-27 20:33:10,221] [INFO] [api.v1.endpoints.inventory]: [inventory.py:47]: Updating inventory for product ID: 3 with new quantity: 456
[2025-01-27 20:33:10,224] [INFO] [api.v1.endpoints.inventory]: [inventory.py:60]: Inventory for product ID: 3 updated successfully
[2025-01-27 20:33:10,229] [INFO] [api.v1.endpoints.inventory]: [inventory.py:67]: Inventory for product ID: 3 committed to the database
[2025-01-27 20:33:10,230] [INFO] [main]: [main.py:50]: Respuesta: 200
[2025-01-27 20:33:16,961] [INFO] [main]: [main.py:48]: Solicitud: GET http://127.0.0.1:8000/inventory/3
[2025-01-27 20:33:16,962] [INFO] [api.v1.endpoints.inventory]: [inventory.py:35]: Fetching inventory for product ID: 3
[2025-01-27 20:33:16,963] [INFO] [api.v1.endpoints.inventory]: [inventory.py:40]: Found inventory for product ID: 3, quantity: 456
[2025-01-27 20:33:16,964] [INFO] [main]: [main.py:50]: Respuesta: 200
[2025-01-27 20:40:05,368] [INFO] [main]: [main.py:48]: Solicitud: GET http://127.0.0.1:8000/orders/
[2025-01-27 20:40:05,370] [INFO] [api.v1.endpoints.order]: [order.py:55]: Fetching all orders
[2025-01-27 20:40:05,413] [INFO] [api.v1.endpoints.order]: [order.py:57]: Found 0 orders
[2025-01-27 20:40:05,414] [INFO] [main]: [main.py:50]: Respuesta: 200
[2025-01-27 20:40:34,704] [INFO] [main]: [main.py:48]: Solicitud: POST http://127.0.0.1:8000/orders/
[2025-01-27 20:40:34,707] [INFO] [api.v1.endpoints.order]: [order.py:25]: Received request to create order with total amount: 1.0, status: completed
[2025-01-27 20:40:34,718] [INFO] [api.v1.endpoints.order]: [order.py:35]: Order created successfully with ID: 1
[2025-01-27 20:40:34,723] [INFO] [api.v1.endpoints.order]: [order.py:48]: Order items for order ID 1 created successfully
[2025-01-27 20:40:34,724] [INFO] [main]: [main.py:50]: Respuesta: 201
[2025-01-27 20:40:39,708] [INFO] [main]: [main.py:48]: Solicitud: GET http://127.0.0.1:8000/orders/
[2025-01-27 20:40:39,710] [INFO] [api.v1.endpoints.order]: [order.py:55]: Fetching all orders
[2025-01-27 20:40:39,711] [INFO] [api.v1.endpoints.order]: [order.py:57]: Found 1 orders
[2025-01-27 20:40:39,712] [INFO] [main]: [main.py:50]: Respuesta: 200
[2025-01-27 20:40:48,447] [INFO] [main]: [main.py:48]: Solicitud: GET http://127.0.0.1:8000/orders/1
[2025-01-27 20:40:48,449] [INFO] [api.v1.endpoints.order]: [order.py:64]: Fetching order with ID: 1
[2025-01-27 20:40:48,452] [INFO] [api.v1.endpoints.order]: [order.py:73]: Found order with ID 1 and 1 items
[2025-01-27 20:40:48,453] [INFO] [main]: [main.py:50]: Respuesta: 200
[2025-01-27 20:40:53,448] [INFO] [main]: [main.py:48]: Solicitud: GET http://127.0.0.1:8000/orders/1
[2025-01-27 20:40:53,450] [INFO] [api.v1.endpoints.order]: [order.py:64]: Fetching order with ID: 1
[2025-01-27 20:40:53,451] [INFO] [api.v1.endpoints.order]: [order.py:73]: Found order with ID 1 and 1 items
[2025-01-27 20:40:53,453] [INFO] [main]: [main.py:50]: Respuesta: 200
[2025-01-27 20:40:53,722] [INFO] [main]: [main.py:48]: Solicitud: GET http://127.0.0.1:8000/orders/1
[2025-01-27 20:40:53,723] [INFO] [api.v1.endpoints.order]: [order.py:64]: Fetching order with ID: 1
[2025-01-27 20:40:53,725] [INFO] [api.v1.endpoints.order]: [order.py:73]: Found order with ID 1 and 1 items
[2025-01-27 20:40:53,726] [INFO] [main]: [main.py:50]: Respuesta: 200
[2025-01-27 20:40:53,982] [INFO] [main]: [main.py:48]: Solicitud: GET http://127.0.0.1:8000/orders/1
[2025-01-27 20:40:53,984] [INFO] [api.v1.endpoints.order]: [order.py:64]: Fetching order with ID: 1
[2025-01-27 20:40:53,985] [INFO] [api.v1.endpoints.order]: [order.py:73]: Found order with ID 1 and 1 items
[2025-01-27 20:40:53,986] [INFO] [main]: [main.py:50]: Respuesta: 200
[2025-01-27 20:40:54,147] [INFO] [main]: [main.py:48]: Solicitud: GET http://127.0.0.1:8000/orders/1
[2025-01-27 20:40:54,149] [INFO] [api.v1.endpoints.order]: [order.py:64]: Fetching order with ID: 1
[2025-01-27 20:40:54,150] [INFO] [api.v1.endpoints.order]: [order.py:73]: Found order with ID 1 and 1 items
[2025-01-27 20:40:54,151] [INFO] [main]: [main.py:50]: Respuesta: 200
[2025-01-27 20:40:54,320] [INFO] [main]: [main.py:48]: Solicitud: GET http://127.0.0.1:8000/orders/1
[2025-01-27 20:40:54,321] [WARNING] [slowapi]: [extension.py:510]: ratelimit 5 per 1 minute (127.0.0.1) exceeded at endpoint: /orders/1
[2025-01-27 20:40:54,322] [INFO] [main]: [main.py:50]: Respuesta: 429
[2025-01-27 20:40:54,472] [INFO] [main]: [main.py:48]: Solicitud: GET http://127.0.0.1:8000/orders/1
[2025-01-27 20:40:54,473] [WARNING] [slowapi]: [extension.py:510]: ratelimit 5 per 1 minute (127.0.0.1) exceeded at endpoint: /orders/1
[2025-01-27 20:40:54,474] [INFO] [main]: [main.py:50]: Respuesta: 429
[2025-01-27 20:41:07,051] [INFO] [main]: [main.py:48]: Solicitud: PUT http://127.0.0.1:8000/orders/1/status?status=pending
[2025-01-27 20:41:07,052] [INFO] [api.v1.endpoints.order]: [order.py:80]: Updating status for order ID 1 to pending
[2025-01-27 20:41:07,063] [INFO] [api.v1.endpoints.order]: [order.py:91]: Order ID 1 status updated to pending
[2025-01-27 20:41:07,064] [INFO] [main]: [main.py:50]: Respuesta: 200
[2025-01-27 20:43:23,062] [INFO] [main]: [main.py:48]: Solicitud: GET http://127.0.0.1:8000/reports/reports/low-stock?threshold=5
[2025-01-27 20:43:23,066] [INFO] [api.v1.endpoints.report]: [report.py:28]: Fetching low stock inventory with threshold: 5
[2025-01-27 20:43:23,114] [INFO] [api.v1.endpoints.report]: [report.py:37]: Found 2 low stock items
[2025-01-27 20:43:23,115] [INFO] [main]: [main.py:50]: Respuesta: 200
[2025-01-27 20:43:26,476] [INFO] [main]: [main.py:48]: Solicitud: GET http://127.0.0.1:8000/reports/reports/low-stock?threshold=5
[2025-01-27 20:43:26,477] [INFO] [api.v1.endpoints.report]: [report.py:28]: Fetching low stock inventory with threshold: 5
[2025-01-27 20:43:26,479] [INFO] [api.v1.endpoints.report]: [report.py:37]: Found 2 low stock items
[2025-01-27 20:43:26,480] [INFO] [main]: [main.py:50]: Respuesta: 200
[2025-01-27 20:43:26,689] [INFO] [main]: [main.py:48]: Solicitud: GET http://127.0.0.1:8000/reports/reports/low-stock?threshold=5
[2025-01-27 20:43:26,691] [INFO] [api.v1.endpoints.report]: [report.py:28]: Fetching low stock inventory with threshold: 5
[2025-01-27 20:43:26,692] [INFO] [api.v1.endpoints.report]: [report.py:37]: Found 2 low stock items
[2025-01-27 20:43:26,693] [INFO] [main]: [main.py:50]: Respuesta: 200
[2025-01-27 20:43:27,094] [INFO] [main]: [main.py:48]: Solicitud: GET http://127.0.0.1:8000/reports/reports/low-stock?threshold=5
[2025-01-27 20:43:27,096] [INFO] [api.v1.endpoints.report]: [report.py:28]: Fetching low stock inventory with threshold: 5
[2025-01-27 20:43:27,097] [INFO] [api.v1.endpoints.report]: [report.py:37]: Found 2 low stock items
[2025-01-27 20:43:27,098] [INFO] [main]: [main.py:50]: Respuesta: 200
[2025-01-27 20:43:27,482] [INFO] [main]: [main.py:48]: Solicitud: GET http://127.0.0.1:8000/reports/reports/low-stock?threshold=5
[2025-01-27 20:43:27,484] [INFO] [api.v1.endpoints.report]: [report.py:28]: Fetching low stock inventory with threshold: 5
[2025-01-27 20:43:27,485] [INFO] [api.v1.endpoints.report]: [report.py:37]: Found 2 low stock items
[2025-01-27 20:43:27,486] [INFO] [main]: [main.py:50]: Respuesta: 200
[2025-01-27 20:43:27,875] [INFO] [main]: [main.py:48]: Solicitud: GET http://127.0.0.1:8000/reports/reports/low-stock?threshold=5
[2025-01-27 20:43:27,877] [WARNING] [slowapi]: [extension.py:510]: ratelimit 5 per 1 minute (127.0.0.1) exceeded at endpoint: /reports/reports/low-stock
[2025-01-27 20:43:27,878] [INFO] [main]: [main.py:50]: Respuesta: 429
[2025-01-27 20:43:28,270] [INFO] [main]: [main.py:48]: Solicitud: GET http://127.0.0.1:8000/reports/reports/low-stock?threshold=5
[2025-01-27 20:43:28,272] [WARNING] [slowapi]: [extension.py:510]: ratelimit 5 per 1 minute (127.0.0.1) exceeded at endpoint: /reports/reports/low-stock
[2025-01-27 20:43:28,273] [INFO] [main]: [main.py:50]: Respuesta: 429
[2025-01-27 20:43:50,397] [INFO] [main]: [main.py:48]: Solicitud: GET http://127.0.0.1:8000/reports/reports/sales?start_date=2025-01-19&end_date=2025-01-27
[2025-01-27 20:43:50,399] [INFO] [api.v1.endpoints.report]: [report.py:54]: Fetching sales report from 2025-01-19 00:00:00 to 2025-01-27 00:00:00
[2025-01-27 20:43:50,412] [INFO] [api.v1.endpoints.report]: [report.py:68]: Sales report generated with 0 products
[2025-01-27 20:43:50,414] [INFO] [main]: [main.py:50]: Respuesta: 200
[2025-01-27 20:44:00,462] [INFO] [main]: [main.py:48]: Solicitud: GET http://127.0.0.1:8000/orders/1
[2025-01-27 20:44:00,463] [INFO] [api.v1.endpoints.order]: [order.py:64]: Fetching order with ID: 1
[2025-01-27 20:44:00,467] [INFO] [api.v1.endpoints.order]: [order.py:73]: Found order with ID 1 and 1 items
[2025-01-27 20:44:00,468] [INFO] [main]: [main.py:50]: Respuesta: 200
[2025-01-27 20:44:08,368] [INFO] [main]: [main.py:48]: Solicitud: GET http://127.0.0.1:8000/reports/reports/sales?start_date=2025-01-19&end_date=2025-01-29
[2025-01-27 20:44:08,370] [INFO] [api.v1.endpoints.report]: [report.py:54]: Fetching sales report from 2025-01-19 00:00:00 to 2025-01-29 00:00:00
[2025-01-27 20:44:08,372] [INFO] [api.v1.endpoints.report]: [report.py:68]: Sales report generated with 1 products
[2025-01-27 20:44:08,373] [INFO] [main]: [main.py:50]: Respuesta: 200
